2011-12-28 14:25:39,728 - Log4JLogChute initialized using file 'velocity.log'
2011-12-28 14:25:39,730 - Starting Apache Velocity v1.5 (compiled: 2007-02-22 08:52:29)
2011-12-28 14:25:39,730 - Default Properties File: org\apache\velocity\runtime\defaults\velocity.properties
2011-12-28 14:25:39,730 - Trying to use logger class org.apache.velocity.runtime.log.AvalonLogChute
2011-12-28 14:25:39,731 - Couldn't find class org.apache.velocity.runtime.log.AvalonLogChute or necessary supporting classes in classpath.
java.lang.NoClassDefFoundError: org/apache/log/format/Formatter
	at java.lang.Class.forName0(Native Method)
	at java.lang.Class.forName(Class.java:264)
	at org.apache.velocity.util.ClassUtils.getClass(ClassUtils.java:63)
	at org.apache.velocity.util.ClassUtils.getNewInstance(ClassUtils.java:95)
	at org.apache.velocity.runtime.log.LogManager.createLogChute(LogManager.java:147)
	at org.apache.velocity.runtime.log.LogManager.updateLog(LogManager.java:208)
	at org.apache.velocity.runtime.RuntimeInstance.initializeLog(RuntimeInstance.java:728)
	at org.apache.velocity.runtime.RuntimeInstance.init(RuntimeInstance.java:240)
	at org.apache.velocity.runtime.RuntimeInstance.init(RuntimeInstance.java:534)
	at org.apache.velocity.app.VelocityEngine.init(VelocityEngine.java:144)
	at com.amazonaws.mturk.addon.HITQuestion.<init>(HITQuestion.java:68)
	at com.amazonaws.mturk.cmd.LoadHITs.loadHITs(LoadHITs.java:185)
	at com.amazonaws.mturk.cmd.LoadHITs.runCommand(LoadHITs.java:120)
	at com.amazonaws.mturk.cmd.AbstractCmd.run(AbstractCmd.java:148)
	at com.amazonaws.mturk.cmd.LoadHITs.main(LoadHITs.java:55)
Caused by: java.lang.ClassNotFoundException: org.apache.log.format.Formatter
	at java.net.URLClassLoader$1.run(URLClassLoader.java:366)
	at java.net.URLClassLoader$1.run(URLClassLoader.java:355)
	at java.security.AccessController.doPrivileged(Native Method)
	at java.net.URLClassLoader.findClass(URLClassLoader.java:354)
	at java.lang.ClassLoader.loadClass(ClassLoader.java:423)
	at sun.misc.Launcher$AppClassLoader.loadClass(Launcher.java:308)
	at java.lang.ClassLoader.loadClass(ClassLoader.java:356)
	... 15 more
2011-12-28 14:25:39,747 - Trying to use logger class org.apache.velocity.runtime.log.Log4JLogChute
2011-12-28 14:25:39,747 - Using logger class org.apache.velocity.runtime.log.Log4JLogChute
2011-12-28 14:25:39,753 - Default ResourceManager initializing. (class org.apache.velocity.runtime.resource.ResourceManagerImpl)
2011-12-28 14:25:39,761 - ResourceLoader instantiated: org.apache.velocity.runtime.resource.loader.FileResourceLoader
2011-12-28 14:25:39,763 - Do unicode file recognition:  false
2011-12-28 14:25:39,763 - FileResourceLoader : adding path '.'
2011-12-28 14:25:39,810 - ResourceCache: initialized (class org.apache.velocity.runtime.resource.ResourceCacheImpl)
2011-12-28 14:25:39,812 - Loaded System Directive: org.apache.velocity.runtime.directive.Literal
2011-12-28 14:25:39,815 - Loaded System Directive: org.apache.velocity.runtime.directive.Macro
2011-12-28 14:25:39,819 - Loaded System Directive: org.apache.velocity.runtime.directive.Parse
2011-12-28 14:25:39,821 - Loaded System Directive: org.apache.velocity.runtime.directive.Include
2011-12-28 14:25:39,823 - Loaded System Directive: org.apache.velocity.runtime.directive.Foreach
2011-12-28 14:25:39,869 - Created '20' parsers.
2011-12-28 14:25:39,881 - Velocimacro : "velocimacro.library" is not set.  Trying default library: VM_global_library.vm
2011-12-28 14:25:39,882 - Velocimacro : Default library not found.
2011-12-28 14:25:39,882 - Velocimacro : allowInline = true : VMs can be defined inline in templates
2011-12-28 14:25:39,882 - Velocimacro : allowInlineToOverride = false : VMs defined inline may NOT replace previous VM definitions
2011-12-28 14:25:39,882 - Velocimacro : allowInlineLocal = false : VMs defined inline will be global in scope if allowed.
2011-12-28 14:25:39,882 - Velocimacro : autoload off : VM system will not automatically reload global library macros
2011-12-28 14:25:39,895 - ResourceManager : found viz-son.question with loader org.apache.velocity.runtime.resource.loader.FileResourceLoader
2011-12-28 14:25:39,909 - Log4JLogChute initialized using file 'velocity.log'
2011-12-28 14:25:39,909 - Log4JLogChute initialized using file 'velocity.log'
2011-12-28 14:25:39,910 - Starting Apache Velocity v1.5 (compiled: 2007-02-22 08:52:29)
2011-12-28 14:25:39,910 - Starting Apache Velocity v1.5 (compiled: 2007-02-22 08:52:29)
2011-12-28 14:25:39,910 - Default Properties File: org\apache\velocity\runtime\defaults\velocity.properties
2011-12-28 14:25:39,910 - Default Properties File: org\apache\velocity\runtime\defaults\velocity.properties
2011-12-28 14:25:39,910 - Trying to use logger class org.apache.velocity.runtime.log.AvalonLogChute
2011-12-28 14:25:39,910 - Trying to use logger class org.apache.velocity.runtime.log.AvalonLogChute
2011-12-28 14:25:39,910 - Couldn't find class org.apache.velocity.runtime.log.AvalonLogChute or necessary supporting classes in classpath.
java.lang.NoClassDefFoundError: org/apache/log/format/Formatter
	at java.lang.Class.forName0(Native Method)
	at java.lang.Class.forName(Class.java:264)
	at org.apache.velocity.util.ClassUtils.getClass(ClassUtils.java:63)
	at org.apache.velocity.util.ClassUtils.getNewInstance(ClassUtils.java:95)
	at org.apache.velocity.runtime.log.LogManager.createLogChute(LogManager.java:147)
	at org.apache.velocity.runtime.log.LogManager.updateLog(LogManager.java:208)
	at org.apache.velocity.runtime.RuntimeInstance.initializeLog(RuntimeInstance.java:728)
	at org.apache.velocity.runtime.RuntimeInstance.init(RuntimeInstance.java:240)
	at org.apache.velocity.runtime.RuntimeSingleton.init(RuntimeSingleton.java:113)
	at org.apache.velocity.app.Velocity.init(Velocity.java:83)
	at com.amazonaws.mturk.util.VelocityUtil.doMerge(VelocityUtil.java:34)
	at com.amazonaws.mturk.addon.HITProperties.getMaxAssignments(HITProperties.java:266)
	at com.amazonaws.mturk.cmd.LoadHITs.loadHITs(LoadHITs.java:226)
	at com.amazonaws.mturk.cmd.LoadHITs.runCommand(LoadHITs.java:120)
	at com.amazonaws.mturk.cmd.AbstractCmd.run(AbstractCmd.java:148)
	at com.amazonaws.mturk.cmd.LoadHITs.main(LoadHITs.java:55)
Caused by: java.lang.ClassNotFoundException: org.apache.log.format.Formatter
	at java.net.URLClassLoader$1.run(URLClassLoader.java:366)
	at java.net.URLClassLoader$1.run(URLClassLoader.java:355)
	at java.security.AccessController.doPrivileged(Native Method)
	at java.net.URLClassLoader.findClass(URLClassLoader.java:354)
	at java.lang.ClassLoader.loadClass(ClassLoader.java:423)
	at sun.misc.Launcher$AppClassLoader.loadClass(Launcher.java:308)
	at java.lang.ClassLoader.loadClass(ClassLoader.java:356)
	... 16 more
2011-12-28 14:25:39,910 - Couldn't find class org.apache.velocity.runtime.log.AvalonLogChute or necessary supporting classes in classpath.
java.lang.NoClassDefFoundError: org/apache/log/format/Formatter
	at java.lang.Class.forName0(Native Method)
	at java.lang.Class.forName(Class.java:264)
	at org.apache.velocity.util.ClassUtils.getClass(ClassUtils.java:63)
	at org.apache.velocity.util.ClassUtils.getNewInstance(ClassUtils.java:95)
	at org.apache.velocity.runtime.log.LogManager.createLogChute(LogManager.java:147)
	at org.apache.velocity.runtime.log.LogManager.updateLog(LogManager.java:208)
	at org.apache.velocity.runtime.RuntimeInstance.initializeLog(RuntimeInstance.java:728)
	at org.apache.velocity.runtime.RuntimeInstance.init(RuntimeInstance.java:240)
	at org.apache.velocity.runtime.RuntimeSingleton.init(RuntimeSingleton.java:113)
	at org.apache.velocity.app.Velocity.init(Velocity.java:83)
	at com.amazonaws.mturk.util.VelocityUtil.doMerge(VelocityUtil.java:34)
	at com.amazonaws.mturk.addon.HITProperties.getMaxAssignments(HITProperties.java:266)
	at com.amazonaws.mturk.cmd.LoadHITs.loadHITs(LoadHITs.java:226)
	at com.amazonaws.mturk.cmd.LoadHITs.runCommand(LoadHITs.java:120)
	at com.amazonaws.mturk.cmd.AbstractCmd.run(AbstractCmd.java:148)
	at com.amazonaws.mturk.cmd.LoadHITs.main(LoadHITs.java:55)
Caused by: java.lang.ClassNotFoundException: org.apache.log.format.Formatter
	at java.net.URLClassLoader$1.run(URLClassLoader.java:366)
	at java.net.URLClassLoader$1.run(URLClassLoader.java:355)
	at java.security.AccessController.doPrivileged(Native Method)
	at java.net.URLClassLoader.findClass(URLClassLoader.java:354)
	at java.lang.ClassLoader.loadClass(ClassLoader.java:423)
	at sun.misc.Launcher$AppClassLoader.loadClass(Launcher.java:308)
	at java.lang.ClassLoader.loadClass(ClassLoader.java:356)
	... 16 more
2011-12-28 14:25:39,911 - Trying to use logger class org.apache.velocity.runtime.log.Log4JLogChute
2011-12-28 14:25:39,911 - Trying to use logger class org.apache.velocity.runtime.log.Log4JLogChute
2011-12-28 14:25:39,911 - Using logger class org.apache.velocity.runtime.log.Log4JLogChute
2011-12-28 14:25:39,911 - Using logger class org.apache.velocity.runtime.log.Log4JLogChute
2011-12-28 14:25:39,911 - Default ResourceManager initializing. (class org.apache.velocity.runtime.resource.ResourceManagerImpl)
2011-12-28 14:25:39,911 - Default ResourceManager initializing. (class org.apache.velocity.runtime.resource.ResourceManagerImpl)
2011-12-28 14:25:39,911 - ResourceLoader instantiated: org.apache.velocity.runtime.resource.loader.FileResourceLoader
2011-12-28 14:25:39,911 - ResourceLoader instantiated: org.apache.velocity.runtime.resource.loader.FileResourceLoader
2011-12-28 14:25:39,911 - Do unicode file recognition:  false
2011-12-28 14:25:39,911 - Do unicode file recognition:  false
2011-12-28 14:25:39,912 - FileResourceLoader : adding path '.'
2011-12-28 14:25:39,912 - FileResourceLoader : adding path '.'
2011-12-28 14:25:39,912 - ResourceCache: initialized (class org.apache.velocity.runtime.resource.ResourceCacheImpl)
2011-12-28 14:25:39,912 - ResourceCache: initialized (class org.apache.velocity.runtime.resource.ResourceCacheImpl)
2011-12-28 14:25:39,913 - Loaded System Directive: org.apache.velocity.runtime.directive.Literal
2011-12-28 14:25:39,913 - Loaded System Directive: org.apache.velocity.runtime.directive.Literal
2011-12-28 14:25:39,913 - Loaded System Directive: org.apache.velocity.runtime.directive.Macro
2011-12-28 14:25:39,913 - Loaded System Directive: org.apache.velocity.runtime.directive.Macro
2011-12-28 14:25:39,913 - Loaded System Directive: org.apache.velocity.runtime.directive.Parse
2011-12-28 14:25:39,913 - Loaded System Directive: org.apache.velocity.runtime.directive.Parse
2011-12-28 14:25:39,913 - Loaded System Directive: org.apache.velocity.runtime.directive.Include
2011-12-28 14:25:39,913 - Loaded System Directive: org.apache.velocity.runtime.directive.Include
2011-12-28 14:25:39,913 - Loaded System Directive: org.apache.velocity.runtime.directive.Foreach
2011-12-28 14:25:39,913 - Loaded System Directive: org.apache.velocity.runtime.directive.Foreach
2011-12-28 14:25:39,915 - Created '20' parsers.
2011-12-28 14:25:39,915 - Created '20' parsers.
2011-12-28 14:25:39,915 - Velocimacro : "velocimacro.library" is not set.  Trying default library: VM_global_library.vm
2011-12-28 14:25:39,915 - Velocimacro : "velocimacro.library" is not set.  Trying default library: VM_global_library.vm
2011-12-28 14:25:39,915 - Velocimacro : Default library not found.
2011-12-28 14:25:39,915 - Velocimacro : Default library not found.
2011-12-28 14:25:39,915 - Velocimacro : allowInline = true : VMs can be defined inline in templates
2011-12-28 14:25:39,915 - Velocimacro : allowInline = true : VMs can be defined inline in templates
2011-12-28 14:25:39,915 - Velocimacro : allowInlineToOverride = false : VMs defined inline may NOT replace previous VM definitions
2011-12-28 14:25:39,915 - Velocimacro : allowInlineToOverride = false : VMs defined inline may NOT replace previous VM definitions
2011-12-28 14:25:39,915 - Velocimacro : allowInlineLocal = false : VMs defined inline will be global in scope if allowed.
2011-12-28 14:25:39,915 - Velocimacro : allowInlineLocal = false : VMs defined inline will be global in scope if allowed.
2011-12-28 14:25:39,915 - Velocimacro : autoload off : VM system will not automatically reload global library macros
2011-12-28 14:25:39,915 - Velocimacro : autoload off : VM system will not automatically reload global library macros
2011-12-28 14:27:50,683 - Log4JLogChute initialized using file 'velocity.log'
2011-12-28 14:27:50,685 - Starting Apache Velocity v1.5 (compiled: 2007-02-22 08:52:29)
2011-12-28 14:27:50,685 - Default Properties File: org\apache\velocity\runtime\defaults\velocity.properties
2011-12-28 14:27:50,685 - Trying to use logger class org.apache.velocity.runtime.log.AvalonLogChute
2011-12-28 14:27:50,687 - Couldn't find class org.apache.velocity.runtime.log.AvalonLogChute or necessary supporting classes in classpath.
java.lang.NoClassDefFoundError: org/apache/log/format/Formatter
	at java.lang.Class.forName0(Native Method)
	at java.lang.Class.forName(Class.java:264)
	at org.apache.velocity.util.ClassUtils.getClass(ClassUtils.java:63)
	at org.apache.velocity.util.ClassUtils.getNewInstance(ClassUtils.java:95)
	at org.apache.velocity.runtime.log.LogManager.createLogChute(LogManager.java:147)
	at org.apache.velocity.runtime.log.LogManager.updateLog(LogManager.java:208)
	at org.apache.velocity.runtime.RuntimeInstance.initializeLog(RuntimeInstance.java:728)
	at org.apache.velocity.runtime.RuntimeInstance.init(RuntimeInstance.java:240)
	at org.apache.velocity.runtime.RuntimeInstance.init(RuntimeInstance.java:534)
	at org.apache.velocity.app.VelocityEngine.init(VelocityEngine.java:144)
	at com.amazonaws.mturk.addon.HITQuestion.<init>(HITQuestion.java:68)
	at com.amazonaws.mturk.cmd.LoadHITs.loadHITs(LoadHITs.java:185)
	at com.amazonaws.mturk.cmd.LoadHITs.runCommand(LoadHITs.java:120)
	at com.amazonaws.mturk.cmd.AbstractCmd.run(AbstractCmd.java:148)
	at com.amazonaws.mturk.cmd.LoadHITs.main(LoadHITs.java:55)
Caused by: java.lang.ClassNotFoundException: org.apache.log.format.Formatter
	at java.net.URLClassLoader$1.run(URLClassLoader.java:366)
	at java.net.URLClassLoader$1.run(URLClassLoader.java:355)
	at java.security.AccessController.doPrivileged(Native Method)
	at java.net.URLClassLoader.findClass(URLClassLoader.java:354)
	at java.lang.ClassLoader.loadClass(ClassLoader.java:423)
	at sun.misc.Launcher$AppClassLoader.loadClass(Launcher.java:308)
	at java.lang.ClassLoader.loadClass(ClassLoader.java:356)
	... 15 more
2011-12-28 14:27:50,690 - Trying to use logger class org.apache.velocity.runtime.log.Log4JLogChute
2011-12-28 14:27:50,691 - Using logger class org.apache.velocity.runtime.log.Log4JLogChute
2011-12-28 14:27:50,696 - Default ResourceManager initializing. (class org.apache.velocity.runtime.resource.ResourceManagerImpl)
2011-12-28 14:27:50,702 - ResourceLoader instantiated: org.apache.velocity.runtime.resource.loader.FileResourceLoader
2011-12-28 14:27:50,705 - Do unicode file recognition:  false
2011-12-28 14:27:50,706 - FileResourceLoader : adding path '.'
2011-12-28 14:27:50,723 - ResourceCache: initialized (class org.apache.velocity.runtime.resource.ResourceCacheImpl)
2011-12-28 14:27:50,725 - Loaded System Directive: org.apache.velocity.runtime.directive.Literal
2011-12-28 14:27:50,728 - Loaded System Directive: org.apache.velocity.runtime.directive.Macro
2011-12-28 14:27:50,732 - Loaded System Directive: org.apache.velocity.runtime.directive.Parse
2011-12-28 14:27:50,734 - Loaded System Directive: org.apache.velocity.runtime.directive.Include
2011-12-28 14:27:50,735 - Loaded System Directive: org.apache.velocity.runtime.directive.Foreach
2011-12-28 14:27:50,774 - Created '20' parsers.
2011-12-28 14:27:50,782 - Velocimacro : "velocimacro.library" is not set.  Trying default library: VM_global_library.vm
2011-12-28 14:27:50,783 - Velocimacro : Default library not found.
2011-12-28 14:27:50,783 - Velocimacro : allowInline = true : VMs can be defined inline in templates
2011-12-28 14:27:50,783 - Velocimacro : allowInlineToOverride = false : VMs defined inline may NOT replace previous VM definitions
2011-12-28 14:27:50,783 - Velocimacro : allowInlineLocal = false : VMs defined inline will be global in scope if allowed.
2011-12-28 14:27:50,783 - Velocimacro : autoload off : VM system will not automatically reload global library macros
2011-12-28 14:27:50,792 - ResourceManager : found viz_son.question with loader org.apache.velocity.runtime.resource.loader.FileResourceLoader
2011-12-28 14:27:50,805 - Log4JLogChute initialized using file 'velocity.log'
2011-12-28 14:27:50,805 - Log4JLogChute initialized using file 'velocity.log'
2011-12-28 14:27:50,806 - Starting Apache Velocity v1.5 (compiled: 2007-02-22 08:52:29)
2011-12-28 14:27:50,806 - Starting Apache Velocity v1.5 (compiled: 2007-02-22 08:52:29)
2011-12-28 14:27:50,806 - Default Properties File: org\apache\velocity\runtime\defaults\velocity.properties
2011-12-28 14:27:50,806 - Default Properties File: org\apache\velocity\runtime\defaults\velocity.properties
2011-12-28 14:27:50,806 - Trying to use logger class org.apache.velocity.runtime.log.AvalonLogChute
2011-12-28 14:27:50,806 - Trying to use logger class org.apache.velocity.runtime.log.AvalonLogChute
2011-12-28 14:27:50,806 - Couldn't find class org.apache.velocity.runtime.log.AvalonLogChute or necessary supporting classes in classpath.
java.lang.NoClassDefFoundError: org/apache/log/format/Formatter
	at java.lang.Class.forName0(Native Method)
	at java.lang.Class.forName(Class.java:264)
	at org.apache.velocity.util.ClassUtils.getClass(ClassUtils.java:63)
	at org.apache.velocity.util.ClassUtils.getNewInstance(ClassUtils.java:95)
	at org.apache.velocity.runtime.log.LogManager.createLogChute(LogManager.java:147)
	at org.apache.velocity.runtime.log.LogManager.updateLog(LogManager.java:208)
	at org.apache.velocity.runtime.RuntimeInstance.initializeLog(RuntimeInstance.java:728)
	at org.apache.velocity.runtime.RuntimeInstance.init(RuntimeInstance.java:240)
	at org.apache.velocity.runtime.RuntimeSingleton.init(RuntimeSingleton.java:113)
	at org.apache.velocity.app.Velocity.init(Velocity.java:83)
	at com.amazonaws.mturk.util.VelocityUtil.doMerge(VelocityUtil.java:34)
	at com.amazonaws.mturk.addon.HITProperties.getMaxAssignments(HITProperties.java:266)
	at com.amazonaws.mturk.cmd.LoadHITs.loadHITs(LoadHITs.java:226)
	at com.amazonaws.mturk.cmd.LoadHITs.runCommand(LoadHITs.java:120)
	at com.amazonaws.mturk.cmd.AbstractCmd.run(AbstractCmd.java:148)
	at com.amazonaws.mturk.cmd.LoadHITs.main(LoadHITs.java:55)
Caused by: java.lang.ClassNotFoundException: org.apache.log.format.Formatter
	at java.net.URLClassLoader$1.run(URLClassLoader.java:366)
	at java.net.URLClassLoader$1.run(URLClassLoader.java:355)
	at java.security.AccessController.doPrivileged(Native Method)
	at java.net.URLClassLoader.findClass(URLClassLoader.java:354)
	at java.lang.ClassLoader.loadClass(ClassLoader.java:423)
	at sun.misc.Launcher$AppClassLoader.loadClass(Launcher.java:308)
	at java.lang.ClassLoader.loadClass(ClassLoader.java:356)
	... 16 more
2011-12-28 14:27:50,806 - Couldn't find class org.apache.velocity.runtime.log.AvalonLogChute or necessary supporting classes in classpath.
java.lang.NoClassDefFoundError: org/apache/log/format/Formatter
	at java.lang.Class.forName0(Native Method)
	at java.lang.Class.forName(Class.java:264)
	at org.apache.velocity.util.ClassUtils.getClass(ClassUtils.java:63)
	at org.apache.velocity.util.ClassUtils.getNewInstance(ClassUtils.java:95)
	at org.apache.velocity.runtime.log.LogManager.createLogChute(LogManager.java:147)
	at org.apache.velocity.runtime.log.LogManager.updateLog(LogManager.java:208)
	at org.apache.velocity.runtime.RuntimeInstance.initializeLog(RuntimeInstance.java:728)
	at org.apache.velocity.runtime.RuntimeInstance.init(RuntimeInstance.java:240)
	at org.apache.velocity.runtime.RuntimeSingleton.init(RuntimeSingleton.java:113)
	at org.apache.velocity.app.Velocity.init(Velocity.java:83)
	at com.amazonaws.mturk.util.VelocityUtil.doMerge(VelocityUtil.java:34)
	at com.amazonaws.mturk.addon.HITProperties.getMaxAssignments(HITProperties.java:266)
	at com.amazonaws.mturk.cmd.LoadHITs.loadHITs(LoadHITs.java:226)
	at com.amazonaws.mturk.cmd.LoadHITs.runCommand(LoadHITs.java:120)
	at com.amazonaws.mturk.cmd.AbstractCmd.run(AbstractCmd.java:148)
	at com.amazonaws.mturk.cmd.LoadHITs.main(LoadHITs.java:55)
Caused by: java.lang.ClassNotFoundException: org.apache.log.format.Formatter
	at java.net.URLClassLoader$1.run(URLClassLoader.java:366)
	at java.net.URLClassLoader$1.run(URLClassLoader.java:355)
	at java.security.AccessController.doPrivileged(Native Method)
	at java.net.URLClassLoader.findClass(URLClassLoader.java:354)
	at java.lang.ClassLoader.loadClass(ClassLoader.java:423)
	at sun.misc.Launcher$AppClassLoader.loadClass(Launcher.java:308)
	at java.lang.ClassLoader.loadClass(ClassLoader.java:356)
	... 16 more
2011-12-28 14:27:50,808 - Trying to use logger class org.apache.velocity.runtime.log.Log4JLogChute
2011-12-28 14:27:50,808 - Trying to use logger class org.apache.velocity.runtime.log.Log4JLogChute
2011-12-28 14:27:50,808 - Using logger class org.apache.velocity.runtime.log.Log4JLogChute
2011-12-28 14:27:50,808 - Using logger class org.apache.velocity.runtime.log.Log4JLogChute
2011-12-28 14:27:50,808 - Default ResourceManager initializing. (class org.apache.velocity.runtime.resource.ResourceManagerImpl)
2011-12-28 14:27:50,808 - Default ResourceManager initializing. (class org.apache.velocity.runtime.resource.ResourceManagerImpl)
2011-12-28 14:27:50,808 - ResourceLoader instantiated: org.apache.velocity.runtime.resource.loader.FileResourceLoader
2011-12-28 14:27:50,808 - ResourceLoader instantiated: org.apache.velocity.runtime.resource.loader.FileResourceLoader
2011-12-28 14:27:50,808 - Do unicode file recognition:  false
2011-12-28 14:27:50,808 - Do unicode file recognition:  false
2011-12-28 14:27:50,809 - FileResourceLoader : adding path '.'
2011-12-28 14:27:50,809 - FileResourceLoader : adding path '.'
2011-12-28 14:27:50,809 - ResourceCache: initialized (class org.apache.velocity.runtime.resource.ResourceCacheImpl)
2011-12-28 14:27:50,809 - ResourceCache: initialized (class org.apache.velocity.runtime.resource.ResourceCacheImpl)
2011-12-28 14:27:50,810 - Loaded System Directive: org.apache.velocity.runtime.directive.Literal
2011-12-28 14:27:50,810 - Loaded System Directive: org.apache.velocity.runtime.directive.Literal
2011-12-28 14:27:50,810 - Loaded System Directive: org.apache.velocity.runtime.directive.Macro
2011-12-28 14:27:50,810 - Loaded System Directive: org.apache.velocity.runtime.directive.Macro
2011-12-28 14:27:50,810 - Loaded System Directive: org.apache.velocity.runtime.directive.Parse
2011-12-28 14:27:50,810 - Loaded System Directive: org.apache.velocity.runtime.directive.Parse
2011-12-28 14:27:50,810 - Loaded System Directive: org.apache.velocity.runtime.directive.Include
2011-12-28 14:27:50,810 - Loaded System Directive: org.apache.velocity.runtime.directive.Include
2011-12-28 14:27:50,810 - Loaded System Directive: org.apache.velocity.runtime.directive.Foreach
2011-12-28 14:27:50,810 - Loaded System Directive: org.apache.velocity.runtime.directive.Foreach
2011-12-28 14:27:50,811 - Created '20' parsers.
2011-12-28 14:27:50,811 - Created '20' parsers.
2011-12-28 14:27:50,811 - Velocimacro : "velocimacro.library" is not set.  Trying default library: VM_global_library.vm
2011-12-28 14:27:50,811 - Velocimacro : "velocimacro.library" is not set.  Trying default library: VM_global_library.vm
2011-12-28 14:27:50,811 - Velocimacro : Default library not found.
2011-12-28 14:27:50,811 - Velocimacro : Default library not found.
2011-12-28 14:27:50,811 - Velocimacro : allowInline = true : VMs can be defined inline in templates
2011-12-28 14:27:50,811 - Velocimacro : allowInline = true : VMs can be defined inline in templates
2011-12-28 14:27:50,812 - Velocimacro : allowInlineToOverride = false : VMs defined inline may NOT replace previous VM definitions
2011-12-28 14:27:50,812 - Velocimacro : allowInlineToOverride = false : VMs defined inline may NOT replace previous VM definitions
2011-12-28 14:27:50,812 - Velocimacro : allowInlineLocal = false : VMs defined inline will be global in scope if allowed.
2011-12-28 14:27:50,812 - Velocimacro : allowInlineLocal = false : VMs defined inline will be global in scope if allowed.
2011-12-28 14:27:50,812 - Velocimacro : autoload off : VM system will not automatically reload global library macros
2011-12-28 14:27:50,812 - Velocimacro : autoload off : VM system will not automatically reload global library macros
