[2011-11-10 16:14:53] INFO  (LoadHITs.java: 193) - --[Initializing]----------
[2011-11-10 16:14:53] INFO  (LoadHITs.java: 194) -  Input: highlight.input
[2011-11-10 16:14:53] INFO  (LoadHITs.java: 195) -  Properties: highlight.properties
[2011-11-10 16:14:53] INFO  (LoadHITs.java: 196) -  Question File: highlight.question
[2011-11-10 16:14:53] INFO  (LoadHITs.java: 202) -  Preview mode disabled
[2011-11-10 16:14:53] INFO  (LoadHITs.java: 229) - --[Loading HITs]----------
[2011-11-10 16:14:53] INFO  (LoadHITs.java: 231) -   Start time: Thu Nov 10 16:14:53 PST 2011
[2011-11-10 16:14:54] DEBUG (WorkQueue.java: 53) - Instantiating work queue with 2 threads
[2011-11-10 16:14:54] INFO  (RequesterService.java: 1283) - Created HIT 1: HITId=2E2O2L92HECWBLSF8B3CI0CP9MYHGT
[2011-11-10 16:14:54] INFO  (RequesterService.java: 1327) - 
You may see your HIT(s) with HITTypeId '2L76AUBXHWSH8UGLJI2ZZDRLX73Z3T' here: 
[2011-11-10 16:14:54] INFO  (RequesterService.java: 1328) - 
  http://workersandbox.mturk.com/mturk/preview?groupId=2L76AUBXHWSH8UGLJI2ZZDRLX73Z3T

[2011-11-10 16:14:54] INFO  (LoadHITs.java: 239) -   End time: Thu Nov 10 16:14:54 PST 2011
[2011-11-10 16:14:54] INFO  (LoadHITs.java: 240) - --[Done Loading HITs]----------
[2011-11-10 16:14:54] INFO  (LoadHITs.java: 241) -   Total load time: 0 seconds.
[2011-11-10 16:14:54] INFO  (LoadHITs.java: 243) -   Successfully loaded 1 HITs.
[2011-11-10 16:24:36] INFO  (LoadHITs.java: 193) - --[Initializing]----------
[2011-11-10 16:24:36] INFO  (LoadHITs.java: 194) -  Input: highlight.input
[2011-11-10 16:24:36] INFO  (LoadHITs.java: 195) -  Properties: highlight.properties
[2011-11-10 16:24:36] INFO  (LoadHITs.java: 196) -  Question File: highlight.question
[2011-11-10 16:24:36] INFO  (LoadHITs.java: 202) -  Preview mode disabled
[2011-11-10 16:24:36] INFO  (LoadHITs.java: 229) - --[Loading HITs]----------
[2011-11-10 16:24:36] INFO  (LoadHITs.java: 231) -   Start time: Thu Nov 10 16:24:36 PST 2011
[2011-11-10 16:24:36] INFO  (LoadHITs.java: 239) -   End time: Thu Nov 10 16:24:36 PST 2011
[2011-11-10 16:24:36] INFO  (LoadHITs.java: 240) - --[Done Loading HITs]----------
[2011-11-10 16:24:36] INFO  (LoadHITs.java: 241) -   Total load time: 0 seconds.
[2011-11-10 16:24:36] INFO  (LoadHITs.java: 243) -   Successfully loaded 0 HITs.
[2011-11-10 16:25:02] INFO  (LoadHITs.java: 193) - --[Initializing]----------
[2011-11-10 16:25:02] INFO  (LoadHITs.java: 194) -  Input: highlight.input
[2011-11-10 16:25:02] INFO  (LoadHITs.java: 195) -  Properties: highlight.properties
[2011-11-10 16:25:02] INFO  (LoadHITs.java: 196) -  Question File: highlight.question
[2011-11-10 16:25:02] INFO  (LoadHITs.java: 202) -  Preview mode disabled
[2011-11-10 16:25:02] INFO  (LoadHITs.java: 229) - --[Loading HITs]----------
[2011-11-10 16:25:02] INFO  (LoadHITs.java: 231) -   Start time: Thu Nov 10 16:25:02 PST 2011
[2011-11-10 16:25:03] DEBUG (WorkQueue.java: 53) - Instantiating work queue with 2 threads
[2011-11-10 16:25:03] INFO  (RequesterService.java: 1283) - Created HIT 1: HITId=2I63W5XH0JPPTXXW81GLVP75ONNEKD
[2011-11-10 16:25:03] INFO  (RequesterService.java: 1283) - Created HIT 2: HITId=207PSI2KYEPLT42HU8D6ZJ3OEJRSMX
[2011-11-10 16:25:03] INFO  (RequesterService.java: 1283) - Created HIT 3: HITId=2HXK0COK2JE1NMKWUWCRZ6OZEE1LSO
[2011-11-10 16:25:03] INFO  (RequesterService.java: 1283) - Created HIT 4: HITId=2HNBMJTUHYW2H8KL1XYS8WM1ABZNI0
[2011-11-10 16:25:04] INFO  (RequesterService.java: 1283) - Created HIT 5: HITId=2ACHYW2GTP9RBMNH69S6CYSOJ91SNX
[2011-11-10 16:25:04] INFO  (RequesterService.java: 1327) - 
You may see your HIT(s) with HITTypeId '2Y18MQU6L5OBWRDD1KO4DIJF7IOWDY' here: 
[2011-11-10 16:25:04] INFO  (RequesterService.java: 1328) - 
  http://workersandbox.mturk.com/mturk/preview?groupId=2Y18MQU6L5OBWRDD1KO4DIJF7IOWDY

[2011-11-10 16:25:04] INFO  (LoadHITs.java: 239) -   End time: Thu Nov 10 16:25:04 PST 2011
[2011-11-10 16:25:04] INFO  (LoadHITs.java: 240) - --[Done Loading HITs]----------
[2011-11-10 16:25:04] INFO  (LoadHITs.java: 241) -   Total load time: 1 seconds.
[2011-11-10 16:25:04] INFO  (LoadHITs.java: 243) -   Successfully loaded 5 HITs.
[2011-11-10 16:27:46] INFO  (LoadHITs.java: 193) - --[Initializing]----------
[2011-11-10 16:27:46] INFO  (LoadHITs.java: 194) -  Input: highlight.input
[2011-11-10 16:27:46] INFO  (LoadHITs.java: 195) -  Properties: highlight.properties
[2011-11-10 16:27:46] INFO  (LoadHITs.java: 196) -  Question File: highlight.question
[2011-11-10 16:27:46] INFO  (LoadHITs.java: 202) -  Preview mode disabled
[2011-11-10 16:27:46] INFO  (LoadHITs.java: 229) - --[Loading HITs]----------
[2011-11-10 16:27:46] INFO  (LoadHITs.java: 231) -   Start time: Thu Nov 10 16:27:46 PST 2011
[2011-11-10 16:27:46] DEBUG (WorkQueue.java: 53) - Instantiating work queue with 2 threads
[2011-11-10 16:27:47] INFO  (RequesterService.java: 1283) - Created HIT 1: HITId=2F4NCWYB49F9T7NT7OSJRNST9J6SOC
[2011-11-10 16:27:47] INFO  (RequesterService.java: 1283) - Created HIT 2: HITId=2NPD1X3V0FK0D3FET1SMAPKKDNSELG
[2011-11-10 16:27:47] INFO  (RequesterService.java: 1283) - Created HIT 3: HITId=24BL0XULRGNTCYYYW0O5IP7NA4LQ4B
[2011-11-10 16:27:47] INFO  (RequesterService.java: 1283) - Created HIT 4: HITId=27A1CSTMOFXRE7ZUMO5YGNXJJO2SPT
[2011-11-10 16:27:47] INFO  (RequesterService.java: 1283) - Created HIT 5: HITId=2YDWAVKI62NJRHWJCM09TH6BONDJRW
[2011-11-10 16:27:47] INFO  (RequesterService.java: 1327) - 
You may see your HIT(s) with HITTypeId '2Y18MQU6L5OBWRDD1KO4DIJF7IOWDY' here: 
[2011-11-10 16:27:47] INFO  (RequesterService.java: 1328) - 
  http://workersandbox.mturk.com/mturk/preview?groupId=2Y18MQU6L5OBWRDD1KO4DIJF7IOWDY

[2011-11-10 16:27:47] INFO  (LoadHITs.java: 239) -   End time: Thu Nov 10 16:27:47 PST 2011
[2011-11-10 16:27:47] INFO  (LoadHITs.java: 240) - --[Done Loading HITs]----------
[2011-11-10 16:27:47] INFO  (LoadHITs.java: 241) -   Total load time: 1 seconds.
[2011-11-10 16:27:47] INFO  (LoadHITs.java: 243) -   Successfully loaded 5 HITs.
[2011-11-11 10:44:37] INFO  (LoadHITs.java: 193) - --[Initializing]----------
[2011-11-11 10:44:37] INFO  (LoadHITs.java: 194) -  Input: highlight.input
[2011-11-11 10:44:37] INFO  (LoadHITs.java: 195) -  Properties: highlight.properties
[2011-11-11 10:44:37] INFO  (LoadHITs.java: 196) -  Question File: highlight.question
[2011-11-11 10:44:37] INFO  (LoadHITs.java: 202) -  Preview mode disabled
[2011-11-11 10:44:38] INFO  (LoadHITs.java: 229) - --[Loading HITs]----------
[2011-11-11 10:44:38] INFO  (LoadHITs.java: 231) -   Start time: Fri Nov 11 10:44:38 PST 2011
[2011-11-11 10:44:38] DEBUG (WorkQueue.java: 53) - Instantiating work queue with 2 threads
[2011-11-11 10:44:39] INFO  (RequesterService.java: 1283) - Created HIT 1: HITId=2EWRSQV66RLPIXOFRINAYKI66PQ4CQ
[2011-11-11 10:44:39] INFO  (RequesterService.java: 1327) - 
You may see your HIT(s) with HITTypeId '2Y18MQU6L5OBWRDD1KO4DIJF7IOWDY' here: 
[2011-11-11 10:44:39] INFO  (RequesterService.java: 1328) - 
  http://workersandbox.mturk.com/mturk/preview?groupId=2Y18MQU6L5OBWRDD1KO4DIJF7IOWDY

[2011-11-11 10:44:39] INFO  (LoadHITs.java: 239) -   End time: Fri Nov 11 10:44:39 PST 2011
[2011-11-11 10:44:39] INFO  (LoadHITs.java: 240) - --[Done Loading HITs]----------
[2011-11-11 10:44:39] INFO  (LoadHITs.java: 241) -   Total load time: 0 seconds.
[2011-11-11 10:44:39] INFO  (LoadHITs.java: 243) -   Successfully loaded 1 HITs.
[2011-11-11 10:45:53] INFO  (LoadHITs.java: 193) - --[Initializing]----------
[2011-11-11 10:45:53] INFO  (LoadHITs.java: 194) -  Input: highlight.input
[2011-11-11 10:45:53] INFO  (LoadHITs.java: 195) -  Properties: highlight.properties
[2011-11-11 10:45:53] INFO  (LoadHITs.java: 196) -  Question File: highlight.question
[2011-11-11 10:45:53] INFO  (LoadHITs.java: 202) -  Preview mode disabled
[2011-11-11 10:45:54] INFO  (LoadHITs.java: 229) - --[Loading HITs]----------
[2011-11-11 10:45:54] INFO  (LoadHITs.java: 231) -   Start time: Fri Nov 11 10:45:54 PST 2011
[2011-11-11 10:45:54] DEBUG (WorkQueue.java: 53) - Instantiating work queue with 2 threads
[2011-11-11 10:45:54] INFO  (RequesterService.java: 1283) - Created HIT 1: HITId=2UHXR24SMEZZ31DWWA0UBP9Y7A01IC
[2011-11-11 10:45:54] INFO  (RequesterService.java: 1327) - 
You may see your HIT(s) with HITTypeId '2Y18MQU6L5OBWRDD1KO4DIJF7IOWDY' here: 
[2011-11-11 10:45:54] INFO  (RequesterService.java: 1328) - 
  http://workersandbox.mturk.com/mturk/preview?groupId=2Y18MQU6L5OBWRDD1KO4DIJF7IOWDY

[2011-11-11 10:45:54] INFO  (LoadHITs.java: 239) -   End time: Fri Nov 11 10:45:54 PST 2011
[2011-11-11 10:45:54] INFO  (LoadHITs.java: 240) - --[Done Loading HITs]----------
[2011-11-11 10:45:54] INFO  (LoadHITs.java: 241) -   Total load time: 0 seconds.
[2011-11-11 10:45:54] INFO  (LoadHITs.java: 243) -   Successfully loaded 1 HITs.
[2011-11-11 11:52:20] INFO  (DeleteHITs.java: 67) - --- Starting to delete HITs ---
[2011-11-11 11:52:20] INFO  (AbstractCmd.java: 224) - You are about to delete 1 HITs.
[2011-11-11 11:52:20] INFO  (AbstractCmd.java: 225) - To confirm this operation, please press ENTER (or press Ctrl+C to abort): 
[2011-11-11 11:52:25] DEBUG (WorkQueue.java: 53) - Instantiating work queue with 2 threads
[2011-11-11 11:52:26] ERROR (DeleteHITs.java: 107) - [2UHXR24SMEZZ31DWWA0UBP9Y7A01IC] FAILURE Deleting HIT: Error #1 for RequestId: 088bd176-0459-4a40-aaa7-45df09701fe4 - AWS.MechanicalTurk.InvalidHITState: This HIT is currently in the state 'Assignable'.  This operation can be called with a status of: Reviewing, Reviewable (1321041155521 s) (1/1)
[2011-11-11 11:52:26] INFO  (DeleteHITs.java: 74) - --- Finished to delete HITs ---
[2011-11-11 11:52:26] INFO  (DeleteHITs.java: 75) -   0 HITs have been deleted or were deleted previously.
[2011-11-11 11:52:26] INFO  (DeleteHITs.java: 76) -   1 errors occured.
[2011-11-11 11:55:57] INFO  (LoadHITs.java: 193) - --[Initializing]----------
[2011-11-11 11:55:57] INFO  (LoadHITs.java: 194) -  Input: highlight.input
[2011-11-11 11:55:57] INFO  (LoadHITs.java: 195) -  Properties: highlight.properties
[2011-11-11 11:55:57] INFO  (LoadHITs.java: 196) -  Question File: highlight.question
[2011-11-11 11:55:57] INFO  (LoadHITs.java: 202) -  Preview mode disabled
[2011-11-11 11:55:57] INFO  (LoadHITs.java: 229) - --[Loading HITs]----------
[2011-11-11 11:55:57] INFO  (LoadHITs.java: 231) -   Start time: Fri Nov 11 11:55:57 PST 2011
[2011-11-11 11:55:58] DEBUG (WorkQueue.java: 53) - Instantiating work queue with 2 threads
[2011-11-11 11:55:58] INFO  (RequesterService.java: 1283) - Created HIT 1: HITId=23B6YTWX4H3H346GNW0GL6IJVDBY36
[2011-11-11 11:55:58] INFO  (RequesterService.java: 1327) - 
You may see your HIT(s) with HITTypeId '2Y18MQU6L5OBWRDD1KO4DIJF7IOWDY' here: 
[2011-11-11 11:55:58] INFO  (RequesterService.java: 1328) - 
  http://workersandbox.mturk.com/mturk/preview?groupId=2Y18MQU6L5OBWRDD1KO4DIJF7IOWDY

[2011-11-11 11:55:58] INFO  (LoadHITs.java: 239) -   End time: Fri Nov 11 11:55:58 PST 2011
[2011-11-11 11:55:58] INFO  (LoadHITs.java: 240) - --[Done Loading HITs]----------
[2011-11-11 11:55:58] INFO  (LoadHITs.java: 241) -   Total load time: 0 seconds.
[2011-11-11 11:55:58] INFO  (LoadHITs.java: 243) -   Successfully loaded 1 HITs.
[2011-11-11 12:53:21] INFO  (LoadHITs.java: 193) - --[Initializing]----------
[2011-11-11 12:53:21] INFO  (LoadHITs.java: 194) -  Input: highlight.input
[2011-11-11 12:53:21] INFO  (LoadHITs.java: 195) -  Properties: highlight.properties
[2011-11-11 12:53:21] INFO  (LoadHITs.java: 196) -  Question File: highlight.question
[2011-11-11 12:53:21] INFO  (LoadHITs.java: 202) -  Preview mode disabled
[2011-11-11 12:53:22] INFO  (LoadHITs.java: 229) - --[Loading HITs]----------
[2011-11-11 12:53:22] INFO  (LoadHITs.java: 231) -   Start time: Fri Nov 11 12:53:22 PST 2011
[2011-11-11 12:53:22] DEBUG (WorkQueue.java: 53) - Instantiating work queue with 2 threads
[2011-11-11 12:53:23] INFO  (RequesterService.java: 1283) - Created HIT 1: HITId=2DS6X3YOCCF0D40W7CKIQIIX2IIQR7
[2011-11-11 12:53:23] INFO  (RequesterService.java: 1327) - 
You may see your HIT(s) with HITTypeId '2Y18MQU6L5OBWRDD1KO4DIJF7IOWDY' here: 
[2011-11-11 12:53:23] INFO  (RequesterService.java: 1328) - 
  http://workersandbox.mturk.com/mturk/preview?groupId=2Y18MQU6L5OBWRDD1KO4DIJF7IOWDY

[2011-11-11 12:53:23] INFO  (LoadHITs.java: 239) -   End time: Fri Nov 11 12:53:23 PST 2011
[2011-11-11 12:53:23] INFO  (LoadHITs.java: 240) - --[Done Loading HITs]----------
[2011-11-11 12:53:23] INFO  (LoadHITs.java: 241) -   Total load time: 0 seconds.
[2011-11-11 12:53:23] INFO  (LoadHITs.java: 243) -   Successfully loaded 1 HITs.
[2011-11-11 12:57:50] INFO  (DeleteHITs.java: 67) - --- Starting to delete HITs ---
[2011-11-11 12:57:50] INFO  (AbstractCmd.java: 224) - You are about to delete 1 HITs.
[2011-11-11 12:57:50] INFO  (AbstractCmd.java: 225) - To confirm this operation, please press ENTER (or press Ctrl+C to abort): 
[2011-11-11 12:57:52] DEBUG (WorkQueue.java: 53) - Instantiating work queue with 2 threads
[2011-11-11 12:57:54] INFO  (DeleteHITs.java: 102) - [2DS6X3YOCCF0D40W7CKIQIIX2IIQR7] Successfully deleted HIT (1/1)
[2011-11-11 12:57:54] INFO  (DeleteHITs.java: 74) - --- Finished to delete HITs ---
[2011-11-11 12:57:54] INFO  (DeleteHITs.java: 75) -   1 HITs have been deleted or were deleted previously.
[2011-11-11 12:57:54] INFO  (DeleteHITs.java: 76) -   0 errors occured.
[2011-11-11 12:58:43] INFO  (LoadHITs.java: 193) - --[Initializing]----------
[2011-11-11 12:58:43] INFO  (LoadHITs.java: 194) -  Input: highlight.input
[2011-11-11 12:58:43] INFO  (LoadHITs.java: 195) -  Properties: highlight.properties
[2011-11-11 12:58:43] INFO  (LoadHITs.java: 196) -  Question File: highlight.question
[2011-11-11 12:58:43] INFO  (LoadHITs.java: 202) -  Preview mode disabled
[2011-11-11 12:58:44] INFO  (LoadHITs.java: 229) - --[Loading HITs]----------
[2011-11-11 12:58:44] INFO  (LoadHITs.java: 231) -   Start time: Fri Nov 11 12:58:44 PST 2011
[2011-11-11 12:58:44] INFO  (LoadHITs.java: 239) -   End time: Fri Nov 11 12:58:44 PST 2011
[2011-11-11 12:58:44] INFO  (LoadHITs.java: 240) - --[Done Loading HITs]----------
[2011-11-11 12:58:44] INFO  (LoadHITs.java: 241) -   Total load time: 0 seconds.
[2011-11-11 12:58:44] INFO  (LoadHITs.java: 243) -   Successfully loaded 0 HITs.
[2011-11-11 13:00:11] INFO  (LoadHITs.java: 193) - --[Initializing]----------
[2011-11-11 13:00:11] INFO  (LoadHITs.java: 194) -  Input: highlight.input
[2011-11-11 13:00:11] INFO  (LoadHITs.java: 195) -  Properties: highlight.properties
[2011-11-11 13:00:11] INFO  (LoadHITs.java: 196) -  Question File: highlight.question
[2011-11-11 13:00:11] INFO  (LoadHITs.java: 202) -  Preview mode disabled
[2011-11-11 13:00:12] INFO  (LoadHITs.java: 229) - --[Loading HITs]----------
[2011-11-11 13:00:12] INFO  (LoadHITs.java: 231) -   Start time: Fri Nov 11 13:00:12 PST 2011
[2011-11-11 13:00:12] INFO  (LoadHITs.java: 239) -   End time: Fri Nov 11 13:00:12 PST 2011
[2011-11-11 13:00:12] INFO  (LoadHITs.java: 240) - --[Done Loading HITs]----------
[2011-11-11 13:00:12] INFO  (LoadHITs.java: 241) -   Total load time: 0 seconds.
[2011-11-11 13:00:12] INFO  (LoadHITs.java: 243) -   Successfully loaded 0 HITs.
[2011-11-11 13:02:03] INFO  (LoadHITs.java: 193) - --[Initializing]----------
[2011-11-11 13:02:03] INFO  (LoadHITs.java: 194) -  Input: highlight.input
[2011-11-11 13:02:03] INFO  (LoadHITs.java: 195) -  Properties: highlight.properties
[2011-11-11 13:02:03] INFO  (LoadHITs.java: 196) -  Question File: highlight.question
[2011-11-11 13:02:03] INFO  (LoadHITs.java: 202) -  Preview mode disabled
[2011-11-11 13:02:03] INFO  (LoadHITs.java: 229) - --[Loading HITs]----------
[2011-11-11 13:02:03] INFO  (LoadHITs.java: 231) -   Start time: Fri Nov 11 13:02:03 PST 2011
[2011-11-11 13:02:03] INFO  (LoadHITs.java: 239) -   End time: Fri Nov 11 13:02:03 PST 2011
[2011-11-11 13:02:03] INFO  (LoadHITs.java: 240) - --[Done Loading HITs]----------
[2011-11-11 13:02:03] INFO  (LoadHITs.java: 241) -   Total load time: 0 seconds.
[2011-11-11 13:02:03] INFO  (LoadHITs.java: 243) -   Successfully loaded 0 HITs.
[2011-11-11 13:02:53] INFO  (LoadHITs.java: 193) - --[Initializing]----------
[2011-11-11 13:02:53] INFO  (LoadHITs.java: 194) -  Input: highlight.input
[2011-11-11 13:02:53] INFO  (LoadHITs.java: 195) -  Properties: highlight.properties
[2011-11-11 13:02:53] INFO  (LoadHITs.java: 196) -  Question File: highlight.question
[2011-11-11 13:02:53] INFO  (LoadHITs.java: 202) -  Preview mode disabled
[2011-11-11 13:02:54] INFO  (LoadHITs.java: 229) - --[Loading HITs]----------
[2011-11-11 13:02:54] INFO  (LoadHITs.java: 231) -   Start time: Fri Nov 11 13:02:54 PST 2011
[2011-11-11 13:02:54] DEBUG (WorkQueue.java: 53) - Instantiating work queue with 2 threads
[2011-11-11 13:02:55] INFO  (RequesterService.java: 1283) - Created HIT 1: HITId=2G1MJUNU8LZ6SMVSFE08G8J3ZGM2I2
[2011-11-11 13:02:55] INFO  (RequesterService.java: 1327) - 
You may see your HIT(s) with HITTypeId '2Y18MQU6L5OBWRDD1KO4DIJF7IOWDY' here: 
[2011-11-11 13:02:55] INFO  (RequesterService.java: 1328) - 
  http://workersandbox.mturk.com/mturk/preview?groupId=2Y18MQU6L5OBWRDD1KO4DIJF7IOWDY

[2011-11-11 13:02:55] INFO  (LoadHITs.java: 239) -   End time: Fri Nov 11 13:02:55 PST 2011
[2011-11-11 13:02:55] INFO  (LoadHITs.java: 240) - --[Done Loading HITs]----------
[2011-11-11 13:02:55] INFO  (LoadHITs.java: 241) -   Total load time: 0 seconds.
[2011-11-11 13:02:55] INFO  (LoadHITs.java: 243) -   Successfully loaded 1 HITs.
[2011-11-11 13:20:40] INFO  (LoadHITs.java: 193) - --[Initializing]----------
[2011-11-11 13:20:40] INFO  (LoadHITs.java: 194) -  Input: highlight.input
[2011-11-11 13:20:40] INFO  (LoadHITs.java: 195) -  Properties: highlight.properties
[2011-11-11 13:20:40] INFO  (LoadHITs.java: 196) -  Question File: highlight.question
[2011-11-11 13:20:40] INFO  (LoadHITs.java: 202) -  Preview mode disabled
[2011-11-11 13:20:41] INFO  (LoadHITs.java: 229) - --[Loading HITs]----------
[2011-11-11 13:20:41] INFO  (LoadHITs.java: 231) -   Start time: Fri Nov 11 13:20:41 PST 2011
[2011-11-11 13:20:41] DEBUG (WorkQueue.java: 53) - Instantiating work queue with 2 threads
[2011-11-11 13:20:42] INFO  (RequesterService.java: 1283) - Created HIT 1: HITId=24UWYB49F9SSTWSDB6FNVT5H9HMQUB
[2011-11-11 13:20:42] INFO  (RequesterService.java: 1327) - 
You may see your HIT(s) with HITTypeId '2Y18MQU6L5OBWRDD1KO4DIJF7IOWDY' here: 
[2011-11-11 13:20:42] INFO  (RequesterService.java: 1328) - 
  http://workersandbox.mturk.com/mturk/preview?groupId=2Y18MQU6L5OBWRDD1KO4DIJF7IOWDY

[2011-11-11 13:20:42] INFO  (LoadHITs.java: 239) -   End time: Fri Nov 11 13:20:42 PST 2011
[2011-11-11 13:20:42] INFO  (LoadHITs.java: 240) - --[Done Loading HITs]----------
[2011-11-11 13:20:42] INFO  (LoadHITs.java: 241) -   Total load time: 0 seconds.
[2011-11-11 13:20:42] INFO  (LoadHITs.java: 243) -   Successfully loaded 1 HITs.
[2011-11-11 13:24:11] INFO  (LoadHITs.java: 193) - --[Initializing]----------
[2011-11-11 13:24:11] INFO  (LoadHITs.java: 194) -  Input: highlight.input
[2011-11-11 13:24:12] INFO  (LoadHITs.java: 195) -  Properties: highlight.properties
[2011-11-11 13:24:12] INFO  (LoadHITs.java: 196) -  Question File: highlight.question
[2011-11-11 13:24:12] INFO  (LoadHITs.java: 202) -  Preview mode disabled
[2011-11-11 13:24:12] INFO  (LoadHITs.java: 229) - --[Loading HITs]----------
[2011-11-11 13:24:12] INFO  (LoadHITs.java: 231) -   Start time: Fri Nov 11 13:24:12 PST 2011
[2011-11-11 13:24:12] DEBUG (WorkQueue.java: 53) - Instantiating work queue with 2 threads
[2011-11-11 13:24:13] INFO  (RequesterService.java: 1283) - Created HIT 1: HITId=2VMBLYHVI44OTHFX4V4NHZSBERJW22
[2011-11-11 13:24:13] INFO  (RequesterService.java: 1327) - 
You may see your HIT(s) with HITTypeId '2Y18MQU6L5OBWRDD1KO4DIJF7IOWDY' here: 
[2011-11-11 13:24:13] INFO  (RequesterService.java: 1328) - 
  http://workersandbox.mturk.com/mturk/preview?groupId=2Y18MQU6L5OBWRDD1KO4DIJF7IOWDY

[2011-11-11 13:24:13] INFO  (LoadHITs.java: 239) -   End time: Fri Nov 11 13:24:13 PST 2011
[2011-11-11 13:24:13] INFO  (LoadHITs.java: 240) - --[Done Loading HITs]----------
[2011-11-11 13:24:13] INFO  (LoadHITs.java: 241) -   Total load time: 0 seconds.
[2011-11-11 13:24:13] INFO  (LoadHITs.java: 243) -   Successfully loaded 1 HITs.
[2011-11-11 14:11:20] ERROR (AbstractCmd.java: 150) - An error occurred: Unrecognized option: -successFile
[2011-11-11 14:11:29] INFO  (GetResults.java: 119) - --[Retrieving Results]----------
[2011-11-11 14:11:29] DEBUG (WorkQueue.java: 53) - Instantiating work queue with 2 threads
[2011-11-11 14:11:30] INFO  (GetResults.java: 162) - Retrieved HIT 1/1, 2VMBLYHVI44OTHFX4V4NHZSBERJW22
[2011-11-11 14:11:30] INFO  (GetResults.java: 123) - --[Done Retrieving Results]----------
[2011-11-11 14:11:30] INFO  (GetResults.java: 130) - 
Results have been written to file 'highlight.results'.

[2011-11-11 14:11:30] INFO  (GetResults.java: 134) - Assignments completed: 1/10 (10%)
[2011-11-11 14:11:30] INFO  (GetResults.java: 137) -          Time elapsed: 0:47:09 (h:mm:ss)
[2011-11-11 14:11:30] INFO  (GetResults.java: 142) -   Average submit time: 2604.0 seconds
[2011-11-11 14:17:48] INFO  (LoadHITs.java: 193) - --[Initializing]----------
[2011-11-11 14:17:48] INFO  (LoadHITs.java: 194) -  Input: highlight.input
[2011-11-11 14:17:48] INFO  (LoadHITs.java: 195) -  Properties: highlight.properties
[2011-11-11 14:17:48] INFO  (LoadHITs.java: 196) -  Question File: highlight.question
[2011-11-11 14:17:48] INFO  (LoadHITs.java: 202) -  Preview mode disabled
[2011-11-11 14:17:49] INFO  (LoadHITs.java: 229) - --[Loading HITs]----------
[2011-11-11 14:17:49] INFO  (LoadHITs.java: 231) -   Start time: Fri Nov 11 14:17:49 PST 2011
[2011-11-11 14:17:49] DEBUG (WorkQueue.java: 53) - Instantiating work queue with 2 threads
[2011-11-11 14:17:49] INFO  (RequesterService.java: 1283) - Created HIT 1: HITId=2KXDEY5COW0LH6UFIZIFOC6VRWE4VX
[2011-11-11 14:17:49] INFO  (RequesterService.java: 1327) - 
You may see your HIT(s) with HITTypeId '2Y18MQU6L5OBWRDD1KO4DIJF7IOWDY' here: 
[2011-11-11 14:17:49] INFO  (RequesterService.java: 1328) - 
  http://workersandbox.mturk.com/mturk/preview?groupId=2Y18MQU6L5OBWRDD1KO4DIJF7IOWDY

[2011-11-11 14:17:49] INFO  (LoadHITs.java: 239) -   End time: Fri Nov 11 14:17:49 PST 2011
[2011-11-11 14:17:49] INFO  (LoadHITs.java: 240) - --[Done Loading HITs]----------
[2011-11-11 14:17:49] INFO  (LoadHITs.java: 241) -   Total load time: 0 seconds.
[2011-11-11 14:17:49] INFO  (LoadHITs.java: 243) -   Successfully loaded 1 HITs.
[2011-11-11 14:20:43] INFO  (LoadHITs.java: 193) - --[Initializing]----------
[2011-11-11 14:20:43] INFO  (LoadHITs.java: 194) -  Input: highlight.input
[2011-11-11 14:20:43] INFO  (LoadHITs.java: 195) -  Properties: highlight.properties
[2011-11-11 14:20:43] INFO  (LoadHITs.java: 196) -  Question File: highlight.question
[2011-11-11 14:20:43] INFO  (LoadHITs.java: 202) -  Preview mode disabled
[2011-11-11 14:20:44] INFO  (LoadHITs.java: 229) - --[Loading HITs]----------
[2011-11-11 14:20:44] INFO  (LoadHITs.java: 231) -   Start time: Fri Nov 11 14:20:44 PST 2011
[2011-11-11 14:20:44] DEBUG (WorkQueue.java: 53) - Instantiating work queue with 2 threads
[2011-11-11 14:20:44] INFO  (RequesterService.java: 1283) - Created HIT 1: HITId=2I0NMHGYQ4J3OP6IL2DFIOYYMVG9MH
[2011-11-11 14:20:44] INFO  (RequesterService.java: 1327) - 
You may see your HIT(s) with HITTypeId '2Y18MQU6L5OBWRDD1KO4DIJF7IOWDY' here: 
[2011-11-11 14:20:44] INFO  (RequesterService.java: 1328) - 
  http://workersandbox.mturk.com/mturk/preview?groupId=2Y18MQU6L5OBWRDD1KO4DIJF7IOWDY

[2011-11-11 14:20:44] INFO  (LoadHITs.java: 239) -   End time: Fri Nov 11 14:20:44 PST 2011
[2011-11-11 14:20:44] INFO  (LoadHITs.java: 240) - --[Done Loading HITs]----------
[2011-11-11 14:20:44] INFO  (LoadHITs.java: 241) -   Total load time: 0 seconds.
[2011-11-11 14:20:44] INFO  (LoadHITs.java: 243) -   Successfully loaded 1 HITs.
[2011-11-11 14:21:31] INFO  (GetResults.java: 119) - --[Retrieving Results]----------
[2011-11-11 14:21:31] DEBUG (WorkQueue.java: 53) - Instantiating work queue with 2 threads
[2011-11-11 14:21:31] INFO  (GetResults.java: 162) - Retrieved HIT 1/1, 2I0NMHGYQ4J3OP6IL2DFIOYYMVG9MH
[2011-11-11 14:21:31] INFO  (GetResults.java: 123) - --[Done Retrieving Results]----------
[2011-11-11 14:21:31] INFO  (GetResults.java: 130) - 
Results have been written to file 'highlight.results'.

[2011-11-11 14:21:31] INFO  (GetResults.java: 134) - Assignments completed: 1/10 (10%)
[2011-11-11 14:21:31] INFO  (GetResults.java: 137) -          Time elapsed: 0:00:38 (h:mm:ss)
[2011-11-11 14:21:31] INFO  (GetResults.java: 142) -   Average submit time: 5.0 seconds
[2011-11-11 14:23:54] INFO  (LoadHITs.java: 193) - --[Initializing]----------
[2011-11-11 14:23:54] INFO  (LoadHITs.java: 194) -  Input: highlight.input
[2011-11-11 14:23:54] INFO  (LoadHITs.java: 195) -  Properties: highlight.properties
[2011-11-11 14:23:54] INFO  (LoadHITs.java: 196) -  Question File: highlight.question
[2011-11-11 14:23:54] INFO  (LoadHITs.java: 202) -  Preview mode disabled
[2011-11-11 14:23:55] INFO  (LoadHITs.java: 229) - --[Loading HITs]----------
[2011-11-11 14:23:55] INFO  (LoadHITs.java: 231) -   Start time: Fri Nov 11 14:23:55 PST 2011
[2011-11-11 14:23:55] DEBUG (WorkQueue.java: 53) - Instantiating work queue with 2 threads
[2011-11-11 14:23:55] INFO  (RequesterService.java: 1283) - Created HIT 1: HITId=27PQ67051QKCO6WE3D310MGI4XSZFF
[2011-11-11 14:23:55] INFO  (RequesterService.java: 1327) - 
You may see your HIT(s) with HITTypeId '2Y18MQU6L5OBWRDD1KO4DIJF7IOWDY' here: 
[2011-11-11 14:23:55] INFO  (RequesterService.java: 1328) - 
  http://workersandbox.mturk.com/mturk/preview?groupId=2Y18MQU6L5OBWRDD1KO4DIJF7IOWDY

[2011-11-11 14:23:55] INFO  (LoadHITs.java: 239) -   End time: Fri Nov 11 14:23:55 PST 2011
[2011-11-11 14:23:55] INFO  (LoadHITs.java: 240) - --[Done Loading HITs]----------
[2011-11-11 14:23:55] INFO  (LoadHITs.java: 241) -   Total load time: 0 seconds.
[2011-11-11 14:23:55] INFO  (LoadHITs.java: 243) -   Successfully loaded 1 HITs.
[2011-11-11 14:24:35] INFO  (GetResults.java: 119) - --[Retrieving Results]----------
[2011-11-11 14:24:35] DEBUG (WorkQueue.java: 53) - Instantiating work queue with 2 threads
[2011-11-11 14:24:36] INFO  (GetResults.java: 162) - Retrieved HIT 1/1, 27PQ67051QKCO6WE3D310MGI4XSZFF
[2011-11-11 14:24:36] INFO  (GetResults.java: 123) - --[Done Retrieving Results]----------
[2011-11-11 14:24:36] INFO  (GetResults.java: 130) - 
Results have been written to file 'highlight.results'.

[2011-11-11 14:24:36] INFO  (GetResults.java: 134) - Assignments completed: 1/10 (10%)
[2011-11-11 14:24:36] INFO  (GetResults.java: 137) -          Time elapsed: 0:00:32 (h:mm:ss)
[2011-11-11 14:24:36] INFO  (GetResults.java: 142) -   Average submit time: 4.0 seconds
[2011-11-11 21:58:19] INFO  (LoadHITs.java: 193) - --[Initializing]----------
[2011-11-11 21:58:19] INFO  (LoadHITs.java: 194) -  Input: highlight.input
[2011-11-11 21:58:19] INFO  (LoadHITs.java: 195) -  Properties: highlight.properties
[2011-11-11 21:58:19] INFO  (LoadHITs.java: 196) -  Question File: highlight.question
[2011-11-11 21:58:19] INFO  (LoadHITs.java: 202) -  Preview mode disabled
[2011-11-11 21:58:21] INFO  (LoadHITs.java: 229) - --[Loading HITs]----------
[2011-11-11 21:58:21] INFO  (LoadHITs.java: 231) -   Start time: Fri Nov 11 21:58:21 PST 2011
[2011-11-11 21:58:21] DEBUG (WorkQueue.java: 53) - Instantiating work queue with 2 threads
[2011-11-11 21:58:22] INFO  (RequesterService.java: 1283) - Created HIT 1: HITId=280LKH1Q6SVQ9W3KWDL6O5OBZEY1KW
[2011-11-11 21:58:22] INFO  (RequesterService.java: 1327) - 
You may see your HIT(s) with HITTypeId '2Y18MQU6L5OBWRDD1KO4DIJF7IOWDY' here: 
[2011-11-11 21:58:22] INFO  (RequesterService.java: 1328) - 
  http://workersandbox.mturk.com/mturk/preview?groupId=2Y18MQU6L5OBWRDD1KO4DIJF7IOWDY

[2011-11-11 21:58:22] INFO  (LoadHITs.java: 239) -   End time: Fri Nov 11 21:58:22 PST 2011
[2011-11-11 21:58:22] INFO  (LoadHITs.java: 240) - --[Done Loading HITs]----------
[2011-11-11 21:58:22] INFO  (LoadHITs.java: 241) -   Total load time: 1 seconds.
[2011-11-11 21:58:22] INFO  (LoadHITs.java: 243) -   Successfully loaded 1 HITs.
[2011-11-11 22:03:44] INFO  (LoadHITs.java: 193) - --[Initializing]----------
[2011-11-11 22:03:44] INFO  (LoadHITs.java: 194) -  Input: highlight.input
[2011-11-11 22:03:44] INFO  (LoadHITs.java: 195) -  Properties: highlight.properties
[2011-11-11 22:03:44] INFO  (LoadHITs.java: 196) -  Question File: highlight.question
[2011-11-11 22:03:44] INFO  (LoadHITs.java: 202) -  Preview mode disabled
[2011-11-11 22:03:45] INFO  (LoadHITs.java: 229) - --[Loading HITs]----------
[2011-11-11 22:03:45] INFO  (LoadHITs.java: 231) -   Start time: Fri Nov 11 22:03:45 PST 2011
[2011-11-11 22:03:45] DEBUG (WorkQueue.java: 53) - Instantiating work queue with 2 threads
[2011-11-11 22:03:46] INFO  (RequesterService.java: 1283) - Created HIT 1: HITId=222H1Q6SVQ8H9NH24TC5RBVCM373MV
[2011-11-11 22:03:46] INFO  (RequesterService.java: 1283) - Created HIT 2: HITId=23WC1PC6SK9RKN0095QEKMAATO41PX
[2011-11-11 22:03:47] INFO  (RequesterService.java: 1283) - Created HIT 3: HITId=2KVHJHP4BDDKHJTK1FO903G399C5YD
[2011-11-11 22:03:47] INFO  (RequesterService.java: 1283) - Created HIT 4: HITId=2UZJHP4BDDKG5D332K0X6G35BYQZ6D
[2011-11-11 22:03:47] INFO  (RequesterService.java: 1283) - Created HIT 5: HITId=2C79746OQ1SNR522GUR54QKCRTH3NV
[2011-11-11 22:03:47] INFO  (RequesterService.java: 1327) - 
You may see your HIT(s) with HITTypeId '2Y18MQU6L5OBWRDD1KO4DIJF7IOWDY' here: 
[2011-11-11 22:03:47] INFO  (RequesterService.java: 1328) - 
  http://workersandbox.mturk.com/mturk/preview?groupId=2Y18MQU6L5OBWRDD1KO4DIJF7IOWDY

[2011-11-11 22:03:47] INFO  (LoadHITs.java: 239) -   End time: Fri Nov 11 22:03:47 PST 2011
[2011-11-11 22:03:47] INFO  (LoadHITs.java: 240) - --[Done Loading HITs]----------
[2011-11-11 22:03:47] INFO  (LoadHITs.java: 241) -   Total load time: 2 seconds.
[2011-11-11 22:03:47] INFO  (LoadHITs.java: 243) -   Successfully loaded 5 HITs.
[2011-11-11 22:06:04] INFO  (LoadHITs.java: 193) - --[Initializing]----------
[2011-11-11 22:06:04] INFO  (LoadHITs.java: 194) -  Input: highlight.input
[2011-11-11 22:06:04] INFO  (LoadHITs.java: 195) -  Properties: highlight.properties
[2011-11-11 22:06:04] INFO  (LoadHITs.java: 196) -  Question File: highlight.question
[2011-11-11 22:06:04] INFO  (LoadHITs.java: 202) -  Preview mode disabled
[2011-11-11 22:06:05] INFO  (LoadHITs.java: 229) - --[Loading HITs]----------
[2011-11-11 22:06:05] INFO  (LoadHITs.java: 231) -   Start time: Fri Nov 11 22:06:05 PST 2011
[2011-11-11 22:06:05] DEBUG (WorkQueue.java: 53) - Instantiating work queue with 2 threads
[2011-11-11 22:06:06] INFO  (RequesterService.java: 1283) - Created HIT 1: HITId=2ZCUU00OQKKA5XD4IFTU5680IYFWWL
[2011-11-11 22:06:06] INFO  (RequesterService.java: 1283) - Created HIT 2: HITId=29ACXKNQY2RCKZ1F9I53KR0KYKQ1QO
[2011-11-11 22:06:06] INFO  (RequesterService.java: 1283) - Created HIT 3: HITId=22GHVI44OS2KM93PX1QSEAP5F3G5Z4
[2011-11-11 22:06:06] INFO  (RequesterService.java: 1327) - 
You may see your HIT(s) with HITTypeId '2Y18MQU6L5OBWRDD1KO4DIJF7IOWDY' here: 
[2011-11-11 22:06:06] INFO  (RequesterService.java: 1328) - 
  http://workersandbox.mturk.com/mturk/preview?groupId=2Y18MQU6L5OBWRDD1KO4DIJF7IOWDY

[2011-11-11 22:06:06] INFO  (LoadHITs.java: 239) -   End time: Fri Nov 11 22:06:06 PST 2011
[2011-11-11 22:06:06] INFO  (LoadHITs.java: 240) - --[Done Loading HITs]----------
[2011-11-11 22:06:06] INFO  (LoadHITs.java: 241) -   Total load time: 1 seconds.
[2011-11-11 22:06:06] INFO  (LoadHITs.java: 243) -   Successfully loaded 3 HITs.
[2011-11-15 12:06:24] INFO  (LoadHITs.java: 193) - --[Initializing]----------
[2011-11-15 12:06:24] INFO  (LoadHITs.java: 194) -  Input: highlight.input
[2011-11-15 12:06:24] INFO  (LoadHITs.java: 195) -  Properties: highlight.properties
[2011-11-15 12:06:24] INFO  (LoadHITs.java: 196) -  Question File: highlight.question
[2011-11-15 12:06:24] INFO  (LoadHITs.java: 202) -  Preview mode disabled
[2011-11-15 12:06:26] INFO  (LoadHITs.java: 229) - --[Loading HITs]----------
[2011-11-15 12:06:26] INFO  (LoadHITs.java: 231) -   Start time: Tue Nov 15 12:06:26 PST 2011
[2011-11-15 12:06:26] DEBUG (WorkQueue.java: 53) - Instantiating work queue with 2 threads
[2011-11-15 12:06:26] INFO  (RequesterService.java: 1283) - Created HIT 1: HITId=2MJY7QEOZFYQTG7439FF0RDS8K1FI9
[2011-11-15 12:06:26] INFO  (RequesterService.java: 1283) - Created HIT 2: HITId=2N970G5R98D8KIQQHJJSWNYCK5BCSN
[2011-11-15 12:06:27] INFO  (RequesterService.java: 1283) - Created HIT 3: HITId=2C88H88MQU6L6367M5SR0X4AML4AT8
[2011-11-15 12:06:27] INFO  (RequesterService.java: 1327) - 
You may see your HIT(s) with HITTypeId '2Y18MQU6L5OBWRDD1KO4DIJF7IOWDY' here: 
[2011-11-15 12:06:27] INFO  (RequesterService.java: 1328) - 
  http://workersandbox.mturk.com/mturk/preview?groupId=2Y18MQU6L5OBWRDD1KO4DIJF7IOWDY

[2011-11-15 12:06:27] INFO  (LoadHITs.java: 239) -   End time: Tue Nov 15 12:06:27 PST 2011
[2011-11-15 12:06:27] INFO  (LoadHITs.java: 240) - --[Done Loading HITs]----------
[2011-11-15 12:06:27] INFO  (LoadHITs.java: 241) -   Total load time: 1 seconds.
[2011-11-15 12:06:27] INFO  (LoadHITs.java: 243) -   Successfully loaded 3 HITs.
[2011-11-15 12:08:58] INFO  (GetResults.java: 119) - --[Retrieving Results]----------
[2011-11-15 12:08:58] DEBUG (WorkQueue.java: 53) - Instantiating work queue with 2 threads
[2011-11-15 12:08:59] INFO  (GetResults.java: 162) - Retrieved HIT 1/3, 2MJY7QEOZFYQTG7439FF0RDS8K1FI9
[2011-11-15 12:08:59] INFO  (GetResults.java: 162) - Retrieved HIT 2/3, 2N970G5R98D8KIQQHJJSWNYCK5BCSN
[2011-11-15 12:09:00] INFO  (GetResults.java: 162) - Retrieved HIT 3/3, 2C88H88MQU6L6367M5SR0X4AML4AT8
[2011-11-15 12:09:00] INFO  (GetResults.java: 123) - --[Done Retrieving Results]----------
[2011-11-15 12:09:00] INFO  (GetResults.java: 130) - 
Results have been written to file 'highlight.results'.

[2011-11-15 12:09:00] INFO  (GetResults.java: 134) - Assignments completed: 1/30 (3%)
[2011-11-15 12:09:00] INFO  (GetResults.java: 137) -          Time elapsed: 0:02:21 (h:mm:ss)
[2011-11-15 12:09:00] INFO  (GetResults.java: 142) -   Average submit time: 47.0 seconds
