2011-11-10 15:29:19,366 - Log4JLogChute initialized using file 'velocity.log'
2011-11-10 15:29:19,366 - Starting Apache Velocity v1.5 (compiled: 2007-02-22 08:52:29)
2011-11-10 15:29:19,367 - Default Properties File: org\apache\velocity\runtime\defaults\velocity.properties
2011-11-10 15:29:19,367 - Trying to use logger class org.apache.velocity.runtime.log.AvalonLogChute
2011-11-10 15:29:19,367 - Couldn't find class org.apache.velocity.runtime.log.AvalonLogChute or necessary supporting classes in classpath.
java.lang.NoClassDefFoundError: org/apache/log/format/Formatter
	at java.lang.Class.forName0(Native Method)
	at java.lang.Class.forName(Class.java:264)
	at org.apache.velocity.util.ClassUtils.getClass(ClassUtils.java:63)
	at org.apache.velocity.util.ClassUtils.getNewInstance(ClassUtils.java:95)
	at org.apache.velocity.runtime.log.LogManager.createLogChute(LogManager.java:147)
	at org.apache.velocity.runtime.log.LogManager.updateLog(LogManager.java:208)
	at org.apache.velocity.runtime.RuntimeInstance.initializeLog(RuntimeInstance.java:728)
	at org.apache.velocity.runtime.RuntimeInstance.init(RuntimeInstance.java:240)
	at org.apache.velocity.runtime.RuntimeInstance.init(RuntimeInstance.java:534)
	at org.apache.velocity.app.VelocityEngine.init(VelocityEngine.java:144)
	at com.amazonaws.mturk.addon.HITQuestion.<init>(HITQuestion.java:68)
	at com.amazonaws.mturk.cmd.LoadHITs.loadHITs(LoadHITs.java:185)
	at com.amazonaws.mturk.cmd.LoadHITs.runCommand(LoadHITs.java:120)
	at com.amazonaws.mturk.cmd.AbstractCmd.run(AbstractCmd.java:148)
	at com.amazonaws.mturk.cmd.LoadHITs.main(LoadHITs.java:55)
Caused by: java.lang.ClassNotFoundException: org.apache.log.format.Formatter
	at java.net.URLClassLoader$1.run(URLClassLoader.java:366)
	at java.net.URLClassLoader$1.run(URLClassLoader.java:355)
	at java.security.AccessController.doPrivileged(Native Method)
	at java.net.URLClassLoader.findClass(URLClassLoader.java:354)
	at java.lang.ClassLoader.loadClass(ClassLoader.java:423)
	at sun.misc.Launcher$AppClassLoader.loadClass(Launcher.java:308)
	at java.lang.ClassLoader.loadClass(ClassLoader.java:356)
	... 15 more
2011-11-10 15:29:19,369 - Trying to use logger class org.apache.velocity.runtime.log.Log4JLogChute
2011-11-10 15:29:19,369 - Using logger class org.apache.velocity.runtime.log.Log4JLogChute
2011-11-10 15:29:19,372 - Default ResourceManager initializing. (class org.apache.velocity.runtime.resource.ResourceManagerImpl)
2011-11-10 15:29:19,375 - ResourceLoader instantiated: org.apache.velocity.runtime.resource.loader.FileResourceLoader
2011-11-10 15:29:19,376 - Do unicode file recognition:  false
2011-11-10 15:29:19,376 - FileResourceLoader : adding path '.'
2011-11-10 15:29:19,415 - ResourceCache: initialized (class org.apache.velocity.runtime.resource.ResourceCacheImpl)
2011-11-10 15:29:19,416 - Loaded System Directive: org.apache.velocity.runtime.directive.Literal
2011-11-10 15:29:19,417 - Loaded System Directive: org.apache.velocity.runtime.directive.Macro
2011-11-10 15:29:19,418 - Loaded System Directive: org.apache.velocity.runtime.directive.Parse
2011-11-10 15:29:19,419 - Loaded System Directive: org.apache.velocity.runtime.directive.Include
2011-11-10 15:29:19,420 - Loaded System Directive: org.apache.velocity.runtime.directive.Foreach
2011-11-10 15:29:19,442 - Created '20' parsers.
2011-11-10 15:29:19,447 - Velocimacro : "velocimacro.library" is not set.  Trying default library: VM_global_library.vm
2011-11-10 15:29:19,448 - Velocimacro : Default library not found.
2011-11-10 15:29:19,448 - Velocimacro : allowInline = true : VMs can be defined inline in templates
2011-11-10 15:29:19,448 - Velocimacro : allowInlineToOverride = false : VMs defined inline may NOT replace previous VM definitions
2011-11-10 15:29:19,448 - Velocimacro : allowInlineLocal = false : VMs defined inline will be global in scope if allowed.
2011-11-10 15:29:19,448 - Velocimacro : autoload off : VM system will not automatically reload global library macros
2011-11-10 15:29:19,453 - ResourceManager : found moviesurvey.question with loader org.apache.velocity.runtime.resource.loader.FileResourceLoader
2011-11-10 15:29:19,461 - Log4JLogChute initialized using file 'velocity.log'
2011-11-10 15:29:19,461 - Log4JLogChute initialized using file 'velocity.log'
2011-11-10 15:29:19,461 - Starting Apache Velocity v1.5 (compiled: 2007-02-22 08:52:29)
2011-11-10 15:29:19,461 - Starting Apache Velocity v1.5 (compiled: 2007-02-22 08:52:29)
2011-11-10 15:29:19,461 - Default Properties File: org\apache\velocity\runtime\defaults\velocity.properties
2011-11-10 15:29:19,461 - Default Properties File: org\apache\velocity\runtime\defaults\velocity.properties
2011-11-10 15:29:19,461 - Trying to use logger class org.apache.velocity.runtime.log.AvalonLogChute
2011-11-10 15:29:19,461 - Trying to use logger class org.apache.velocity.runtime.log.AvalonLogChute
2011-11-10 15:29:19,462 - Couldn't find class org.apache.velocity.runtime.log.AvalonLogChute or necessary supporting classes in classpath.
java.lang.NoClassDefFoundError: org/apache/log/format/Formatter
	at java.lang.Class.forName0(Native Method)
	at java.lang.Class.forName(Class.java:264)
	at org.apache.velocity.util.ClassUtils.getClass(ClassUtils.java:63)
	at org.apache.velocity.util.ClassUtils.getNewInstance(ClassUtils.java:95)
	at org.apache.velocity.runtime.log.LogManager.createLogChute(LogManager.java:147)
	at org.apache.velocity.runtime.log.LogManager.updateLog(LogManager.java:208)
	at org.apache.velocity.runtime.RuntimeInstance.initializeLog(RuntimeInstance.java:728)
	at org.apache.velocity.runtime.RuntimeInstance.init(RuntimeInstance.java:240)
	at org.apache.velocity.runtime.RuntimeSingleton.init(RuntimeSingleton.java:113)
	at org.apache.velocity.app.Velocity.init(Velocity.java:83)
	at com.amazonaws.mturk.util.VelocityUtil.doMerge(VelocityUtil.java:34)
	at com.amazonaws.mturk.addon.HITProperties.getMaxAssignments(HITProperties.java:266)
	at com.amazonaws.mturk.cmd.LoadHITs.loadHITs(LoadHITs.java:226)
	at com.amazonaws.mturk.cmd.LoadHITs.runCommand(LoadHITs.java:120)
	at com.amazonaws.mturk.cmd.AbstractCmd.run(AbstractCmd.java:148)
	at com.amazonaws.mturk.cmd.LoadHITs.main(LoadHITs.java:55)
Caused by: java.lang.ClassNotFoundException: org.apache.log.format.Formatter
	at java.net.URLClassLoader$1.run(URLClassLoader.java:366)
	at java.net.URLClassLoader$1.run(URLClassLoader.java:355)
	at java.security.AccessController.doPrivileged(Native Method)
	at java.net.URLClassLoader.findClass(URLClassLoader.java:354)
	at java.lang.ClassLoader.loadClass(ClassLoader.java:423)
	at sun.misc.Launcher$AppClassLoader.loadClass(Launcher.java:308)
	at java.lang.ClassLoader.loadClass(ClassLoader.java:356)
	... 16 more
2011-11-10 15:29:19,462 - Couldn't find class org.apache.velocity.runtime.log.AvalonLogChute or necessary supporting classes in classpath.
java.lang.NoClassDefFoundError: org/apache/log/format/Formatter
	at java.lang.Class.forName0(Native Method)
	at java.lang.Class.forName(Class.java:264)
	at org.apache.velocity.util.ClassUtils.getClass(ClassUtils.java:63)
	at org.apache.velocity.util.ClassUtils.getNewInstance(ClassUtils.java:95)
	at org.apache.velocity.runtime.log.LogManager.createLogChute(LogManager.java:147)
	at org.apache.velocity.runtime.log.LogManager.updateLog(LogManager.java:208)
	at org.apache.velocity.runtime.RuntimeInstance.initializeLog(RuntimeInstance.java:728)
	at org.apache.velocity.runtime.RuntimeInstance.init(RuntimeInstance.java:240)
	at org.apache.velocity.runtime.RuntimeSingleton.init(RuntimeSingleton.java:113)
	at org.apache.velocity.app.Velocity.init(Velocity.java:83)
	at com.amazonaws.mturk.util.VelocityUtil.doMerge(VelocityUtil.java:34)
	at com.amazonaws.mturk.addon.HITProperties.getMaxAssignments(HITProperties.java:266)
	at com.amazonaws.mturk.cmd.LoadHITs.loadHITs(LoadHITs.java:226)
	at com.amazonaws.mturk.cmd.LoadHITs.runCommand(LoadHITs.java:120)
	at com.amazonaws.mturk.cmd.AbstractCmd.run(AbstractCmd.java:148)
	at com.amazonaws.mturk.cmd.LoadHITs.main(LoadHITs.java:55)
Caused by: java.lang.ClassNotFoundException: org.apache.log.format.Formatter
	at java.net.URLClassLoader$1.run(URLClassLoader.java:366)
	at java.net.URLClassLoader$1.run(URLClassLoader.java:355)
	at java.security.AccessController.doPrivileged(Native Method)
	at java.net.URLClassLoader.findClass(URLClassLoader.java:354)
	at java.lang.ClassLoader.loadClass(ClassLoader.java:423)
	at sun.misc.Launcher$AppClassLoader.loadClass(Launcher.java:308)
	at java.lang.ClassLoader.loadClass(ClassLoader.java:356)
	... 16 more
2011-11-10 15:29:19,462 - Trying to use logger class org.apache.velocity.runtime.log.Log4JLogChute
2011-11-10 15:29:19,462 - Trying to use logger class org.apache.velocity.runtime.log.Log4JLogChute
2011-11-10 15:29:19,462 - Using logger class org.apache.velocity.runtime.log.Log4JLogChute
2011-11-10 15:29:19,462 - Using logger class org.apache.velocity.runtime.log.Log4JLogChute
2011-11-10 15:29:19,463 - Default ResourceManager initializing. (class org.apache.velocity.runtime.resource.ResourceManagerImpl)
2011-11-10 15:29:19,463 - Default ResourceManager initializing. (class org.apache.velocity.runtime.resource.ResourceManagerImpl)
2011-11-10 15:29:19,463 - ResourceLoader instantiated: org.apache.velocity.runtime.resource.loader.FileResourceLoader
2011-11-10 15:29:19,463 - ResourceLoader instantiated: org.apache.velocity.runtime.resource.loader.FileResourceLoader
2011-11-10 15:29:19,463 - Do unicode file recognition:  false
2011-11-10 15:29:19,463 - Do unicode file recognition:  false
2011-11-10 15:29:19,463 - FileResourceLoader : adding path '.'
2011-11-10 15:29:19,463 - FileResourceLoader : adding path '.'
2011-11-10 15:29:19,464 - ResourceCache: initialized (class org.apache.velocity.runtime.resource.ResourceCacheImpl)
2011-11-10 15:29:19,464 - ResourceCache: initialized (class org.apache.velocity.runtime.resource.ResourceCacheImpl)
2011-11-10 15:29:19,464 - Loaded System Directive: org.apache.velocity.runtime.directive.Literal
2011-11-10 15:29:19,464 - Loaded System Directive: org.apache.velocity.runtime.directive.Literal
2011-11-10 15:29:19,464 - Loaded System Directive: org.apache.velocity.runtime.directive.Macro
2011-11-10 15:29:19,464 - Loaded System Directive: org.apache.velocity.runtime.directive.Macro
2011-11-10 15:29:19,464 - Loaded System Directive: org.apache.velocity.runtime.directive.Parse
2011-11-10 15:29:19,464 - Loaded System Directive: org.apache.velocity.runtime.directive.Parse
2011-11-10 15:29:19,464 - Loaded System Directive: org.apache.velocity.runtime.directive.Include
2011-11-10 15:29:19,464 - Loaded System Directive: org.apache.velocity.runtime.directive.Include
2011-11-10 15:29:19,464 - Loaded System Directive: org.apache.velocity.runtime.directive.Foreach
2011-11-10 15:29:19,464 - Loaded System Directive: org.apache.velocity.runtime.directive.Foreach
2011-11-10 15:29:19,466 - Created '20' parsers.
2011-11-10 15:29:19,466 - Created '20' parsers.
2011-11-10 15:29:19,466 - Velocimacro : "velocimacro.library" is not set.  Trying default library: VM_global_library.vm
2011-11-10 15:29:19,466 - Velocimacro : "velocimacro.library" is not set.  Trying default library: VM_global_library.vm
2011-11-10 15:29:19,466 - Velocimacro : Default library not found.
2011-11-10 15:29:19,466 - Velocimacro : Default library not found.
2011-11-10 15:29:19,466 - Velocimacro : allowInline = true : VMs can be defined inline in templates
2011-11-10 15:29:19,466 - Velocimacro : allowInline = true : VMs can be defined inline in templates
2011-11-10 15:29:19,466 - Velocimacro : allowInlineToOverride = false : VMs defined inline may NOT replace previous VM definitions
2011-11-10 15:29:19,466 - Velocimacro : allowInlineToOverride = false : VMs defined inline may NOT replace previous VM definitions
2011-11-10 15:29:19,466 - Velocimacro : allowInlineLocal = false : VMs defined inline will be global in scope if allowed.
2011-11-10 15:29:19,466 - Velocimacro : allowInlineLocal = false : VMs defined inline will be global in scope if allowed.
2011-11-10 15:29:19,466 - Velocimacro : autoload off : VM system will not automatically reload global library macros
2011-11-10 15:29:19,466 - Velocimacro : autoload off : VM system will not automatically reload global library macros
2011-11-10 15:33:59,252 - Log4JLogChute initialized using file 'velocity.log'
2011-11-10 15:33:59,252 - Starting Apache Velocity v1.5 (compiled: 2007-02-22 08:52:29)
2011-11-10 15:33:59,252 - Default Properties File: org\apache\velocity\runtime\defaults\velocity.properties
2011-11-10 15:33:59,252 - Trying to use logger class org.apache.velocity.runtime.log.AvalonLogChute
2011-11-10 15:33:59,253 - Couldn't find class org.apache.velocity.runtime.log.AvalonLogChute or necessary supporting classes in classpath.
java.lang.NoClassDefFoundError: org/apache/log/format/Formatter
	at java.lang.Class.forName0(Native Method)
	at java.lang.Class.forName(Class.java:264)
	at org.apache.velocity.util.ClassUtils.getClass(ClassUtils.java:63)
	at org.apache.velocity.util.ClassUtils.getNewInstance(ClassUtils.java:95)
	at org.apache.velocity.runtime.log.LogManager.createLogChute(LogManager.java:147)
	at org.apache.velocity.runtime.log.LogManager.updateLog(LogManager.java:208)
	at org.apache.velocity.runtime.RuntimeInstance.initializeLog(RuntimeInstance.java:728)
	at org.apache.velocity.runtime.RuntimeInstance.init(RuntimeInstance.java:240)
	at org.apache.velocity.runtime.RuntimeInstance.init(RuntimeInstance.java:534)
	at org.apache.velocity.app.VelocityEngine.init(VelocityEngine.java:144)
	at com.amazonaws.mturk.addon.HITQuestion.<init>(HITQuestion.java:68)
	at com.amazonaws.mturk.cmd.LoadHITs.loadHITs(LoadHITs.java:185)
	at com.amazonaws.mturk.cmd.LoadHITs.runCommand(LoadHITs.java:120)
	at com.amazonaws.mturk.cmd.AbstractCmd.run(AbstractCmd.java:148)
	at com.amazonaws.mturk.cmd.LoadHITs.main(LoadHITs.java:55)
Caused by: java.lang.ClassNotFoundException: org.apache.log.format.Formatter
	at java.net.URLClassLoader$1.run(URLClassLoader.java:366)
	at java.net.URLClassLoader$1.run(URLClassLoader.java:355)
	at java.security.AccessController.doPrivileged(Native Method)
	at java.net.URLClassLoader.findClass(URLClassLoader.java:354)
	at java.lang.ClassLoader.loadClass(ClassLoader.java:423)
	at sun.misc.Launcher$AppClassLoader.loadClass(Launcher.java:308)
	at java.lang.ClassLoader.loadClass(ClassLoader.java:356)
	... 15 more
2011-11-10 15:33:59,254 - Trying to use logger class org.apache.velocity.runtime.log.Log4JLogChute
2011-11-10 15:33:59,254 - Using logger class org.apache.velocity.runtime.log.Log4JLogChute
2011-11-10 15:33:59,257 - Default ResourceManager initializing. (class org.apache.velocity.runtime.resource.ResourceManagerImpl)
2011-11-10 15:33:59,260 - ResourceLoader instantiated: org.apache.velocity.runtime.resource.loader.FileResourceLoader
2011-11-10 15:33:59,261 - Do unicode file recognition:  false
2011-11-10 15:33:59,261 - FileResourceLoader : adding path '.'
2011-11-10 15:33:59,271 - ResourceCache: initialized (class org.apache.velocity.runtime.resource.ResourceCacheImpl)
2011-11-10 15:33:59,272 - Loaded System Directive: org.apache.velocity.runtime.directive.Literal
2011-11-10 15:33:59,273 - Loaded System Directive: org.apache.velocity.runtime.directive.Macro
2011-11-10 15:33:59,274 - Loaded System Directive: org.apache.velocity.runtime.directive.Parse
2011-11-10 15:33:59,275 - Loaded System Directive: org.apache.velocity.runtime.directive.Include
2011-11-10 15:33:59,275 - Loaded System Directive: org.apache.velocity.runtime.directive.Foreach
2011-11-10 15:33:59,294 - Created '20' parsers.
2011-11-10 15:33:59,300 - Velocimacro : "velocimacro.library" is not set.  Trying default library: VM_global_library.vm
2011-11-10 15:33:59,300 - Velocimacro : Default library not found.
2011-11-10 15:33:59,300 - Velocimacro : allowInline = true : VMs can be defined inline in templates
2011-11-10 15:33:59,300 - Velocimacro : allowInlineToOverride = false : VMs defined inline may NOT replace previous VM definitions
2011-11-10 15:33:59,300 - Velocimacro : allowInlineLocal = false : VMs defined inline will be global in scope if allowed.
2011-11-10 15:33:59,300 - Velocimacro : autoload off : VM system will not automatically reload global library macros
2011-11-10 15:33:59,306 - ResourceManager : found moviesurvey.question with loader org.apache.velocity.runtime.resource.loader.FileResourceLoader
2011-11-10 15:33:59,312 - Log4JLogChute initialized using file 'velocity.log'
2011-11-10 15:33:59,312 - Log4JLogChute initialized using file 'velocity.log'
2011-11-10 15:33:59,313 - Starting Apache Velocity v1.5 (compiled: 2007-02-22 08:52:29)
2011-11-10 15:33:59,313 - Starting Apache Velocity v1.5 (compiled: 2007-02-22 08:52:29)
2011-11-10 15:33:59,313 - Default Properties File: org\apache\velocity\runtime\defaults\velocity.properties
2011-11-10 15:33:59,313 - Default Properties File: org\apache\velocity\runtime\defaults\velocity.properties
2011-11-10 15:33:59,313 - Trying to use logger class org.apache.velocity.runtime.log.AvalonLogChute
2011-11-10 15:33:59,313 - Trying to use logger class org.apache.velocity.runtime.log.AvalonLogChute
2011-11-10 15:33:59,313 - Couldn't find class org.apache.velocity.runtime.log.AvalonLogChute or necessary supporting classes in classpath.
java.lang.NoClassDefFoundError: org/apache/log/format/Formatter
	at java.lang.Class.forName0(Native Method)
	at java.lang.Class.forName(Class.java:264)
	at org.apache.velocity.util.ClassUtils.getClass(ClassUtils.java:63)
	at org.apache.velocity.util.ClassUtils.getNewInstance(ClassUtils.java:95)
	at org.apache.velocity.runtime.log.LogManager.createLogChute(LogManager.java:147)
	at org.apache.velocity.runtime.log.LogManager.updateLog(LogManager.java:208)
	at org.apache.velocity.runtime.RuntimeInstance.initializeLog(RuntimeInstance.java:728)
	at org.apache.velocity.runtime.RuntimeInstance.init(RuntimeInstance.java:240)
	at org.apache.velocity.runtime.RuntimeSingleton.init(RuntimeSingleton.java:113)
	at org.apache.velocity.app.Velocity.init(Velocity.java:83)
	at com.amazonaws.mturk.util.VelocityUtil.doMerge(VelocityUtil.java:34)
	at com.amazonaws.mturk.addon.HITProperties.getMaxAssignments(HITProperties.java:266)
	at com.amazonaws.mturk.cmd.LoadHITs.loadHITs(LoadHITs.java:226)
	at com.amazonaws.mturk.cmd.LoadHITs.runCommand(LoadHITs.java:120)
	at com.amazonaws.mturk.cmd.AbstractCmd.run(AbstractCmd.java:148)
	at com.amazonaws.mturk.cmd.LoadHITs.main(LoadHITs.java:55)
Caused by: java.lang.ClassNotFoundException: org.apache.log.format.Formatter
	at java.net.URLClassLoader$1.run(URLClassLoader.java:366)
	at java.net.URLClassLoader$1.run(URLClassLoader.java:355)
	at java.security.AccessController.doPrivileged(Native Method)
	at java.net.URLClassLoader.findClass(URLClassLoader.java:354)
	at java.lang.ClassLoader.loadClass(ClassLoader.java:423)
	at sun.misc.Launcher$AppClassLoader.loadClass(Launcher.java:308)
	at java.lang.ClassLoader.loadClass(ClassLoader.java:356)
	... 16 more
2011-11-10 15:33:59,313 - Couldn't find class org.apache.velocity.runtime.log.AvalonLogChute or necessary supporting classes in classpath.
java.lang.NoClassDefFoundError: org/apache/log/format/Formatter
	at java.lang.Class.forName0(Native Method)
	at java.lang.Class.forName(Class.java:264)
	at org.apache.velocity.util.ClassUtils.getClass(ClassUtils.java:63)
	at org.apache.velocity.util.ClassUtils.getNewInstance(ClassUtils.java:95)
	at org.apache.velocity.runtime.log.LogManager.createLogChute(LogManager.java:147)
	at org.apache.velocity.runtime.log.LogManager.updateLog(LogManager.java:208)
	at org.apache.velocity.runtime.RuntimeInstance.initializeLog(RuntimeInstance.java:728)
	at org.apache.velocity.runtime.RuntimeInstance.init(RuntimeInstance.java:240)
	at org.apache.velocity.runtime.RuntimeSingleton.init(RuntimeSingleton.java:113)
	at org.apache.velocity.app.Velocity.init(Velocity.java:83)
	at com.amazonaws.mturk.util.VelocityUtil.doMerge(VelocityUtil.java:34)
	at com.amazonaws.mturk.addon.HITProperties.getMaxAssignments(HITProperties.java:266)
	at com.amazonaws.mturk.cmd.LoadHITs.loadHITs(LoadHITs.java:226)
	at com.amazonaws.mturk.cmd.LoadHITs.runCommand(LoadHITs.java:120)
	at com.amazonaws.mturk.cmd.AbstractCmd.run(AbstractCmd.java:148)
	at com.amazonaws.mturk.cmd.LoadHITs.main(LoadHITs.java:55)
Caused by: java.lang.ClassNotFoundException: org.apache.log.format.Formatter
	at java.net.URLClassLoader$1.run(URLClassLoader.java:366)
	at java.net.URLClassLoader$1.run(URLClassLoader.java:355)
	at java.security.AccessController.doPrivileged(Native Method)
	at java.net.URLClassLoader.findClass(URLClassLoader.java:354)
	at java.lang.ClassLoader.loadClass(ClassLoader.java:423)
	at sun.misc.Launcher$AppClassLoader.loadClass(Launcher.java:308)
	at java.lang.ClassLoader.loadClass(ClassLoader.java:356)
	... 16 more
2011-11-10 15:33:59,314 - Trying to use logger class org.apache.velocity.runtime.log.Log4JLogChute
2011-11-10 15:33:59,314 - Trying to use logger class org.apache.velocity.runtime.log.Log4JLogChute
2011-11-10 15:33:59,314 - Using logger class org.apache.velocity.runtime.log.Log4JLogChute
2011-11-10 15:33:59,314 - Using logger class org.apache.velocity.runtime.log.Log4JLogChute
2011-11-10 15:33:59,314 - Default ResourceManager initializing. (class org.apache.velocity.runtime.resource.ResourceManagerImpl)
2011-11-10 15:33:59,314 - Default ResourceManager initializing. (class org.apache.velocity.runtime.resource.ResourceManagerImpl)
2011-11-10 15:33:59,315 - ResourceLoader instantiated: org.apache.velocity.runtime.resource.loader.FileResourceLoader
2011-11-10 15:33:59,315 - ResourceLoader instantiated: org.apache.velocity.runtime.resource.loader.FileResourceLoader
2011-11-10 15:33:59,315 - Do unicode file recognition:  false
2011-11-10 15:33:59,315 - Do unicode file recognition:  false
2011-11-10 15:33:59,315 - FileResourceLoader : adding path '.'
2011-11-10 15:33:59,315 - FileResourceLoader : adding path '.'
2011-11-10 15:33:59,315 - ResourceCache: initialized (class org.apache.velocity.runtime.resource.ResourceCacheImpl)
2011-11-10 15:33:59,315 - ResourceCache: initialized (class org.apache.velocity.runtime.resource.ResourceCacheImpl)
2011-11-10 15:33:59,315 - Loaded System Directive: org.apache.velocity.runtime.directive.Literal
2011-11-10 15:33:59,315 - Loaded System Directive: org.apache.velocity.runtime.directive.Literal
2011-11-10 15:33:59,316 - Loaded System Directive: org.apache.velocity.runtime.directive.Macro
2011-11-10 15:33:59,316 - Loaded System Directive: org.apache.velocity.runtime.directive.Macro
2011-11-10 15:33:59,316 - Loaded System Directive: org.apache.velocity.runtime.directive.Parse
2011-11-10 15:33:59,316 - Loaded System Directive: org.apache.velocity.runtime.directive.Parse
2011-11-10 15:33:59,316 - Loaded System Directive: org.apache.velocity.runtime.directive.Include
2011-11-10 15:33:59,316 - Loaded System Directive: org.apache.velocity.runtime.directive.Include
2011-11-10 15:33:59,316 - Loaded System Directive: org.apache.velocity.runtime.directive.Foreach
2011-11-10 15:33:59,316 - Loaded System Directive: org.apache.velocity.runtime.directive.Foreach
2011-11-10 15:33:59,317 - Created '20' parsers.
2011-11-10 15:33:59,317 - Created '20' parsers.
2011-11-10 15:33:59,317 - Velocimacro : "velocimacro.library" is not set.  Trying default library: VM_global_library.vm
2011-11-10 15:33:59,317 - Velocimacro : "velocimacro.library" is not set.  Trying default library: VM_global_library.vm
2011-11-10 15:33:59,317 - Velocimacro : Default library not found.
2011-11-10 15:33:59,317 - Velocimacro : Default library not found.
2011-11-10 15:33:59,317 - Velocimacro : allowInline = true : VMs can be defined inline in templates
2011-11-10 15:33:59,317 - Velocimacro : allowInline = true : VMs can be defined inline in templates
2011-11-10 15:33:59,318 - Velocimacro : allowInlineToOverride = false : VMs defined inline may NOT replace previous VM definitions
2011-11-10 15:33:59,318 - Velocimacro : allowInlineToOverride = false : VMs defined inline may NOT replace previous VM definitions
2011-11-10 15:33:59,318 - Velocimacro : allowInlineLocal = false : VMs defined inline will be global in scope if allowed.
2011-11-10 15:33:59,318 - Velocimacro : allowInlineLocal = false : VMs defined inline will be global in scope if allowed.
2011-11-10 15:33:59,318 - Velocimacro : autoload off : VM system will not automatically reload global library macros
2011-11-10 15:33:59,318 - Velocimacro : autoload off : VM system will not automatically reload global library macros
2011-11-10 15:52:06,221 - Log4JLogChute initialized using file 'velocity.log'
2011-11-10 15:52:06,222 - Starting Apache Velocity v1.5 (compiled: 2007-02-22 08:52:29)
2011-11-10 15:52:06,222 - Default Properties File: org\apache\velocity\runtime\defaults\velocity.properties
2011-11-10 15:52:06,222 - Trying to use logger class org.apache.velocity.runtime.log.AvalonLogChute
2011-11-10 15:52:06,222 - Couldn't find class org.apache.velocity.runtime.log.AvalonLogChute or necessary supporting classes in classpath.
java.lang.NoClassDefFoundError: org/apache/log/format/Formatter
	at java.lang.Class.forName0(Native Method)
	at java.lang.Class.forName(Class.java:264)
	at org.apache.velocity.util.ClassUtils.getClass(ClassUtils.java:63)
	at org.apache.velocity.util.ClassUtils.getNewInstance(ClassUtils.java:95)
	at org.apache.velocity.runtime.log.LogManager.createLogChute(LogManager.java:147)
	at org.apache.velocity.runtime.log.LogManager.updateLog(LogManager.java:208)
	at org.apache.velocity.runtime.RuntimeInstance.initializeLog(RuntimeInstance.java:728)
	at org.apache.velocity.runtime.RuntimeInstance.init(RuntimeInstance.java:240)
	at org.apache.velocity.runtime.RuntimeInstance.init(RuntimeInstance.java:534)
	at org.apache.velocity.app.VelocityEngine.init(VelocityEngine.java:144)
	at com.amazonaws.mturk.addon.HITQuestion.<init>(HITQuestion.java:68)
	at com.amazonaws.mturk.cmd.LoadHITs.loadHITs(LoadHITs.java:185)
	at com.amazonaws.mturk.cmd.LoadHITs.runCommand(LoadHITs.java:120)
	at com.amazonaws.mturk.cmd.AbstractCmd.run(AbstractCmd.java:148)
	at com.amazonaws.mturk.cmd.LoadHITs.main(LoadHITs.java:55)
Caused by: java.lang.ClassNotFoundException: org.apache.log.format.Formatter
	at java.net.URLClassLoader$1.run(URLClassLoader.java:366)
	at java.net.URLClassLoader$1.run(URLClassLoader.java:355)
	at java.security.AccessController.doPrivileged(Native Method)
	at java.net.URLClassLoader.findClass(URLClassLoader.java:354)
	at java.lang.ClassLoader.loadClass(ClassLoader.java:423)
	at sun.misc.Launcher$AppClassLoader.loadClass(Launcher.java:308)
	at java.lang.ClassLoader.loadClass(ClassLoader.java:356)
	... 15 more
2011-11-10 15:52:06,223 - Trying to use logger class org.apache.velocity.runtime.log.Log4JLogChute
2011-11-10 15:52:06,223 - Using logger class org.apache.velocity.runtime.log.Log4JLogChute
2011-11-10 15:52:06,225 - Default ResourceManager initializing. (class org.apache.velocity.runtime.resource.ResourceManagerImpl)
2011-11-10 15:52:06,227 - ResourceLoader instantiated: org.apache.velocity.runtime.resource.loader.FileResourceLoader
2011-11-10 15:52:06,228 - Do unicode file recognition:  false
2011-11-10 15:52:06,228 - FileResourceLoader : adding path '.'
2011-11-10 15:52:06,236 - ResourceCache: initialized (class org.apache.velocity.runtime.resource.ResourceCacheImpl)
2011-11-10 15:52:06,237 - Loaded System Directive: org.apache.velocity.runtime.directive.Literal
2011-11-10 15:52:06,238 - Loaded System Directive: org.apache.velocity.runtime.directive.Macro
2011-11-10 15:52:06,239 - Loaded System Directive: org.apache.velocity.runtime.directive.Parse
2011-11-10 15:52:06,240 - Loaded System Directive: org.apache.velocity.runtime.directive.Include
2011-11-10 15:52:06,240 - Loaded System Directive: org.apache.velocity.runtime.directive.Foreach
2011-11-10 15:52:06,258 - Created '20' parsers.
2011-11-10 15:52:06,262 - Velocimacro : "velocimacro.library" is not set.  Trying default library: VM_global_library.vm
2011-11-10 15:52:06,263 - Velocimacro : Default library not found.
2011-11-10 15:52:06,263 - Velocimacro : allowInline = true : VMs can be defined inline in templates
2011-11-10 15:52:06,263 - Velocimacro : allowInlineToOverride = false : VMs defined inline may NOT replace previous VM definitions
2011-11-10 15:52:06,263 - Velocimacro : allowInlineLocal = false : VMs defined inline will be global in scope if allowed.
2011-11-10 15:52:06,263 - Velocimacro : autoload off : VM system will not automatically reload global library macros
2011-11-10 15:52:06,268 - ResourceManager : found moviesurvey.question with loader org.apache.velocity.runtime.resource.loader.FileResourceLoader
2011-11-10 15:52:06,278 - Log4JLogChute initialized using file 'velocity.log'
2011-11-10 15:52:06,278 - Log4JLogChute initialized using file 'velocity.log'
2011-11-10 15:52:06,278 - Starting Apache Velocity v1.5 (compiled: 2007-02-22 08:52:29)
2011-11-10 15:52:06,278 - Starting Apache Velocity v1.5 (compiled: 2007-02-22 08:52:29)
2011-11-10 15:52:06,278 - Default Properties File: org\apache\velocity\runtime\defaults\velocity.properties
2011-11-10 15:52:06,278 - Default Properties File: org\apache\velocity\runtime\defaults\velocity.properties
2011-11-10 15:52:06,278 - Trying to use logger class org.apache.velocity.runtime.log.AvalonLogChute
2011-11-10 15:52:06,278 - Trying to use logger class org.apache.velocity.runtime.log.AvalonLogChute
2011-11-10 15:52:06,278 - Couldn't find class org.apache.velocity.runtime.log.AvalonLogChute or necessary supporting classes in classpath.
java.lang.NoClassDefFoundError: org/apache/log/format/Formatter
	at java.lang.Class.forName0(Native Method)
	at java.lang.Class.forName(Class.java:264)
	at org.apache.velocity.util.ClassUtils.getClass(ClassUtils.java:63)
	at org.apache.velocity.util.ClassUtils.getNewInstance(ClassUtils.java:95)
	at org.apache.velocity.runtime.log.LogManager.createLogChute(LogManager.java:147)
	at org.apache.velocity.runtime.log.LogManager.updateLog(LogManager.java:208)
	at org.apache.velocity.runtime.RuntimeInstance.initializeLog(RuntimeInstance.java:728)
	at org.apache.velocity.runtime.RuntimeInstance.init(RuntimeInstance.java:240)
	at org.apache.velocity.runtime.RuntimeSingleton.init(RuntimeSingleton.java:113)
	at org.apache.velocity.app.Velocity.init(Velocity.java:83)
	at com.amazonaws.mturk.util.VelocityUtil.doMerge(VelocityUtil.java:34)
	at com.amazonaws.mturk.addon.HITProperties.getMaxAssignments(HITProperties.java:266)
	at com.amazonaws.mturk.cmd.LoadHITs.loadHITs(LoadHITs.java:226)
	at com.amazonaws.mturk.cmd.LoadHITs.runCommand(LoadHITs.java:120)
	at com.amazonaws.mturk.cmd.AbstractCmd.run(AbstractCmd.java:148)
	at com.amazonaws.mturk.cmd.LoadHITs.main(LoadHITs.java:55)
Caused by: java.lang.ClassNotFoundException: org.apache.log.format.Formatter
	at java.net.URLClassLoader$1.run(URLClassLoader.java:366)
	at java.net.URLClassLoader$1.run(URLClassLoader.java:355)
	at java.security.AccessController.doPrivileged(Native Method)
	at java.net.URLClassLoader.findClass(URLClassLoader.java:354)
	at java.lang.ClassLoader.loadClass(ClassLoader.java:423)
	at sun.misc.Launcher$AppClassLoader.loadClass(Launcher.java:308)
	at java.lang.ClassLoader.loadClass(ClassLoader.java:356)
	... 16 more
2011-11-10 15:52:06,278 - Couldn't find class org.apache.velocity.runtime.log.AvalonLogChute or necessary supporting classes in classpath.
java.lang.NoClassDefFoundError: org/apache/log/format/Formatter
	at java.lang.Class.forName0(Native Method)
	at java.lang.Class.forName(Class.java:264)
	at org.apache.velocity.util.ClassUtils.getClass(ClassUtils.java:63)
	at org.apache.velocity.util.ClassUtils.getNewInstance(ClassUtils.java:95)
	at org.apache.velocity.runtime.log.LogManager.createLogChute(LogManager.java:147)
	at org.apache.velocity.runtime.log.LogManager.updateLog(LogManager.java:208)
	at org.apache.velocity.runtime.RuntimeInstance.initializeLog(RuntimeInstance.java:728)
	at org.apache.velocity.runtime.RuntimeInstance.init(RuntimeInstance.java:240)
	at org.apache.velocity.runtime.RuntimeSingleton.init(RuntimeSingleton.java:113)
	at org.apache.velocity.app.Velocity.init(Velocity.java:83)
	at com.amazonaws.mturk.util.VelocityUtil.doMerge(VelocityUtil.java:34)
	at com.amazonaws.mturk.addon.HITProperties.getMaxAssignments(HITProperties.java:266)
	at com.amazonaws.mturk.cmd.LoadHITs.loadHITs(LoadHITs.java:226)
	at com.amazonaws.mturk.cmd.LoadHITs.runCommand(LoadHITs.java:120)
	at com.amazonaws.mturk.cmd.AbstractCmd.run(AbstractCmd.java:148)
	at com.amazonaws.mturk.cmd.LoadHITs.main(LoadHITs.java:55)
Caused by: java.lang.ClassNotFoundException: org.apache.log.format.Formatter
	at java.net.URLClassLoader$1.run(URLClassLoader.java:366)
	at java.net.URLClassLoader$1.run(URLClassLoader.java:355)
	at java.security.AccessController.doPrivileged(Native Method)
	at java.net.URLClassLoader.findClass(URLClassLoader.java:354)
	at java.lang.ClassLoader.loadClass(ClassLoader.java:423)
	at sun.misc.Launcher$AppClassLoader.loadClass(Launcher.java:308)
	at java.lang.ClassLoader.loadClass(ClassLoader.java:356)
	... 16 more
2011-11-10 15:52:06,279 - Trying to use logger class org.apache.velocity.runtime.log.Log4JLogChute
2011-11-10 15:52:06,279 - Trying to use logger class org.apache.velocity.runtime.log.Log4JLogChute
2011-11-10 15:52:06,279 - Using logger class org.apache.velocity.runtime.log.Log4JLogChute
2011-11-10 15:52:06,279 - Using logger class org.apache.velocity.runtime.log.Log4JLogChute
2011-11-10 15:52:06,279 - Default ResourceManager initializing. (class org.apache.velocity.runtime.resource.ResourceManagerImpl)
2011-11-10 15:52:06,279 - Default ResourceManager initializing. (class org.apache.velocity.runtime.resource.ResourceManagerImpl)
2011-11-10 15:52:06,280 - ResourceLoader instantiated: org.apache.velocity.runtime.resource.loader.FileResourceLoader
2011-11-10 15:52:06,280 - ResourceLoader instantiated: org.apache.velocity.runtime.resource.loader.FileResourceLoader
2011-11-10 15:52:06,280 - Do unicode file recognition:  false
2011-11-10 15:52:06,280 - Do unicode file recognition:  false
2011-11-10 15:52:06,280 - FileResourceLoader : adding path '.'
2011-11-10 15:52:06,280 - FileResourceLoader : adding path '.'
2011-11-10 15:52:06,280 - ResourceCache: initialized (class org.apache.velocity.runtime.resource.ResourceCacheImpl)
2011-11-10 15:52:06,280 - ResourceCache: initialized (class org.apache.velocity.runtime.resource.ResourceCacheImpl)
2011-11-10 15:52:06,280 - Loaded System Directive: org.apache.velocity.runtime.directive.Literal
2011-11-10 15:52:06,280 - Loaded System Directive: org.apache.velocity.runtime.directive.Literal
2011-11-10 15:52:06,281 - Loaded System Directive: org.apache.velocity.runtime.directive.Macro
2011-11-10 15:52:06,281 - Loaded System Directive: org.apache.velocity.runtime.directive.Macro
2011-11-10 15:52:06,281 - Loaded System Directive: org.apache.velocity.runtime.directive.Parse
2011-11-10 15:52:06,281 - Loaded System Directive: org.apache.velocity.runtime.directive.Parse
2011-11-10 15:52:06,281 - Loaded System Directive: org.apache.velocity.runtime.directive.Include
2011-11-10 15:52:06,281 - Loaded System Directive: org.apache.velocity.runtime.directive.Include
2011-11-10 15:52:06,281 - Loaded System Directive: org.apache.velocity.runtime.directive.Foreach
2011-11-10 15:52:06,281 - Loaded System Directive: org.apache.velocity.runtime.directive.Foreach
2011-11-10 15:52:06,282 - Created '20' parsers.
2011-11-10 15:52:06,282 - Created '20' parsers.
2011-11-10 15:52:06,282 - Velocimacro : "velocimacro.library" is not set.  Trying default library: VM_global_library.vm
2011-11-10 15:52:06,282 - Velocimacro : "velocimacro.library" is not set.  Trying default library: VM_global_library.vm
2011-11-10 15:52:06,282 - Velocimacro : Default library not found.
2011-11-10 15:52:06,282 - Velocimacro : Default library not found.
2011-11-10 15:52:06,283 - Velocimacro : allowInline = true : VMs can be defined inline in templates
2011-11-10 15:52:06,283 - Velocimacro : allowInline = true : VMs can be defined inline in templates
2011-11-10 15:52:06,283 - Velocimacro : allowInlineToOverride = false : VMs defined inline may NOT replace previous VM definitions
2011-11-10 15:52:06,283 - Velocimacro : allowInlineToOverride = false : VMs defined inline may NOT replace previous VM definitions
2011-11-10 15:52:06,283 - Velocimacro : allowInlineLocal = false : VMs defined inline will be global in scope if allowed.
2011-11-10 15:52:06,283 - Velocimacro : allowInlineLocal = false : VMs defined inline will be global in scope if allowed.
2011-11-10 15:52:06,283 - Velocimacro : autoload off : VM system will not automatically reload global library macros
2011-11-10 15:52:06,283 - Velocimacro : autoload off : VM system will not automatically reload global library macros
2011-11-10 15:56:23,324 - Log4JLogChute initialized using file 'velocity.log'
2011-11-10 15:56:23,325 - Starting Apache Velocity v1.5 (compiled: 2007-02-22 08:52:29)
2011-11-10 15:56:23,325 - Default Properties File: org\apache\velocity\runtime\defaults\velocity.properties
2011-11-10 15:56:23,325 - Trying to use logger class org.apache.velocity.runtime.log.AvalonLogChute
2011-11-10 15:56:23,326 - Couldn't find class org.apache.velocity.runtime.log.AvalonLogChute or necessary supporting classes in classpath.
java.lang.NoClassDefFoundError: org/apache/log/format/Formatter
	at java.lang.Class.forName0(Native Method)
	at java.lang.Class.forName(Class.java:264)
	at org.apache.velocity.util.ClassUtils.getClass(ClassUtils.java:63)
	at org.apache.velocity.util.ClassUtils.getNewInstance(ClassUtils.java:95)
	at org.apache.velocity.runtime.log.LogManager.createLogChute(LogManager.java:147)
	at org.apache.velocity.runtime.log.LogManager.updateLog(LogManager.java:208)
	at org.apache.velocity.runtime.RuntimeInstance.initializeLog(RuntimeInstance.java:728)
	at org.apache.velocity.runtime.RuntimeInstance.init(RuntimeInstance.java:240)
	at org.apache.velocity.runtime.RuntimeInstance.init(RuntimeInstance.java:534)
	at org.apache.velocity.app.VelocityEngine.init(VelocityEngine.java:144)
	at com.amazonaws.mturk.addon.HITQuestion.<init>(HITQuestion.java:68)
	at com.amazonaws.mturk.cmd.LoadHITs.loadHITs(LoadHITs.java:185)
	at com.amazonaws.mturk.cmd.LoadHITs.runCommand(LoadHITs.java:120)
	at com.amazonaws.mturk.cmd.AbstractCmd.run(AbstractCmd.java:148)
	at com.amazonaws.mturk.cmd.LoadHITs.main(LoadHITs.java:55)
Caused by: java.lang.ClassNotFoundException: org.apache.log.format.Formatter
	at java.net.URLClassLoader$1.run(URLClassLoader.java:366)
	at java.net.URLClassLoader$1.run(URLClassLoader.java:355)
	at java.security.AccessController.doPrivileged(Native Method)
	at java.net.URLClassLoader.findClass(URLClassLoader.java:354)
	at java.lang.ClassLoader.loadClass(ClassLoader.java:423)
	at sun.misc.Launcher$AppClassLoader.loadClass(Launcher.java:308)
	at java.lang.ClassLoader.loadClass(ClassLoader.java:356)
	... 15 more
2011-11-10 15:56:23,327 - Trying to use logger class org.apache.velocity.runtime.log.Log4JLogChute
2011-11-10 15:56:23,327 - Using logger class org.apache.velocity.runtime.log.Log4JLogChute
2011-11-10 15:56:23,328 - Default ResourceManager initializing. (class org.apache.velocity.runtime.resource.ResourceManagerImpl)
2011-11-10 15:56:23,330 - ResourceLoader instantiated: org.apache.velocity.runtime.resource.loader.FileResourceLoader
2011-11-10 15:56:23,331 - Do unicode file recognition:  false
2011-11-10 15:56:23,331 - FileResourceLoader : adding path '.'
2011-11-10 15:56:23,339 - ResourceCache: initialized (class org.apache.velocity.runtime.resource.ResourceCacheImpl)
2011-11-10 15:56:23,340 - Loaded System Directive: org.apache.velocity.runtime.directive.Literal
2011-11-10 15:56:23,341 - Loaded System Directive: org.apache.velocity.runtime.directive.Macro
2011-11-10 15:56:23,342 - Loaded System Directive: org.apache.velocity.runtime.directive.Parse
2011-11-10 15:56:23,343 - Loaded System Directive: org.apache.velocity.runtime.directive.Include
2011-11-10 15:56:23,343 - Loaded System Directive: org.apache.velocity.runtime.directive.Foreach
2011-11-10 15:56:23,361 - Created '20' parsers.
2011-11-10 15:56:23,366 - Velocimacro : "velocimacro.library" is not set.  Trying default library: VM_global_library.vm
2011-11-10 15:56:23,366 - Velocimacro : Default library not found.
2011-11-10 15:56:23,366 - Velocimacro : allowInline = true : VMs can be defined inline in templates
2011-11-10 15:56:23,366 - Velocimacro : allowInlineToOverride = false : VMs defined inline may NOT replace previous VM definitions
2011-11-10 15:56:23,366 - Velocimacro : allowInlineLocal = false : VMs defined inline will be global in scope if allowed.
2011-11-10 15:56:23,366 - Velocimacro : autoload off : VM system will not automatically reload global library macros
2011-11-10 15:56:23,372 - ResourceManager : found moviesurvey.question with loader org.apache.velocity.runtime.resource.loader.FileResourceLoader
2011-11-10 15:56:23,380 - Log4JLogChute initialized using file 'velocity.log'
2011-11-10 15:56:23,380 - Log4JLogChute initialized using file 'velocity.log'
2011-11-10 15:56:23,380 - Starting Apache Velocity v1.5 (compiled: 2007-02-22 08:52:29)
2011-11-10 15:56:23,380 - Starting Apache Velocity v1.5 (compiled: 2007-02-22 08:52:29)
2011-11-10 15:56:23,380 - Default Properties File: org\apache\velocity\runtime\defaults\velocity.properties
2011-11-10 15:56:23,380 - Default Properties File: org\apache\velocity\runtime\defaults\velocity.properties
2011-11-10 15:56:23,380 - Trying to use logger class org.apache.velocity.runtime.log.AvalonLogChute
2011-11-10 15:56:23,380 - Trying to use logger class org.apache.velocity.runtime.log.AvalonLogChute
2011-11-10 15:56:23,381 - Couldn't find class org.apache.velocity.runtime.log.AvalonLogChute or necessary supporting classes in classpath.
java.lang.NoClassDefFoundError: org/apache/log/format/Formatter
	at java.lang.Class.forName0(Native Method)
	at java.lang.Class.forName(Class.java:264)
	at org.apache.velocity.util.ClassUtils.getClass(ClassUtils.java:63)
	at org.apache.velocity.util.ClassUtils.getNewInstance(ClassUtils.java:95)
	at org.apache.velocity.runtime.log.LogManager.createLogChute(LogManager.java:147)
	at org.apache.velocity.runtime.log.LogManager.updateLog(LogManager.java:208)
	at org.apache.velocity.runtime.RuntimeInstance.initializeLog(RuntimeInstance.java:728)
	at org.apache.velocity.runtime.RuntimeInstance.init(RuntimeInstance.java:240)
	at org.apache.velocity.runtime.RuntimeSingleton.init(RuntimeSingleton.java:113)
	at org.apache.velocity.app.Velocity.init(Velocity.java:83)
	at com.amazonaws.mturk.util.VelocityUtil.doMerge(VelocityUtil.java:34)
	at com.amazonaws.mturk.addon.HITProperties.getMaxAssignments(HITProperties.java:266)
	at com.amazonaws.mturk.cmd.LoadHITs.loadHITs(LoadHITs.java:226)
	at com.amazonaws.mturk.cmd.LoadHITs.runCommand(LoadHITs.java:120)
	at com.amazonaws.mturk.cmd.AbstractCmd.run(AbstractCmd.java:148)
	at com.amazonaws.mturk.cmd.LoadHITs.main(LoadHITs.java:55)
Caused by: java.lang.ClassNotFoundException: org.apache.log.format.Formatter
	at java.net.URLClassLoader$1.run(URLClassLoader.java:366)
	at java.net.URLClassLoader$1.run(URLClassLoader.java:355)
	at java.security.AccessController.doPrivileged(Native Method)
	at java.net.URLClassLoader.findClass(URLClassLoader.java:354)
	at java.lang.ClassLoader.loadClass(ClassLoader.java:423)
	at sun.misc.Launcher$AppClassLoader.loadClass(Launcher.java:308)
	at java.lang.ClassLoader.loadClass(ClassLoader.java:356)
	... 16 more
2011-11-10 15:56:23,381 - Couldn't find class org.apache.velocity.runtime.log.AvalonLogChute or necessary supporting classes in classpath.
java.lang.NoClassDefFoundError: org/apache/log/format/Formatter
	at java.lang.Class.forName0(Native Method)
	at java.lang.Class.forName(Class.java:264)
	at org.apache.velocity.util.ClassUtils.getClass(ClassUtils.java:63)
	at org.apache.velocity.util.ClassUtils.getNewInstance(ClassUtils.java:95)
	at org.apache.velocity.runtime.log.LogManager.createLogChute(LogManager.java:147)
	at org.apache.velocity.runtime.log.LogManager.updateLog(LogManager.java:208)
	at org.apache.velocity.runtime.RuntimeInstance.initializeLog(RuntimeInstance.java:728)
	at org.apache.velocity.runtime.RuntimeInstance.init(RuntimeInstance.java:240)
	at org.apache.velocity.runtime.RuntimeSingleton.init(RuntimeSingleton.java:113)
	at org.apache.velocity.app.Velocity.init(Velocity.java:83)
	at com.amazonaws.mturk.util.VelocityUtil.doMerge(VelocityUtil.java:34)
	at com.amazonaws.mturk.addon.HITProperties.getMaxAssignments(HITProperties.java:266)
	at com.amazonaws.mturk.cmd.LoadHITs.loadHITs(LoadHITs.java:226)
	at com.amazonaws.mturk.cmd.LoadHITs.runCommand(LoadHITs.java:120)
	at com.amazonaws.mturk.cmd.AbstractCmd.run(AbstractCmd.java:148)
	at com.amazonaws.mturk.cmd.LoadHITs.main(LoadHITs.java:55)
Caused by: java.lang.ClassNotFoundException: org.apache.log.format.Formatter
	at java.net.URLClassLoader$1.run(URLClassLoader.java:366)
	at java.net.URLClassLoader$1.run(URLClassLoader.java:355)
	at java.security.AccessController.doPrivileged(Native Method)
	at java.net.URLClassLoader.findClass(URLClassLoader.java:354)
	at java.lang.ClassLoader.loadClass(ClassLoader.java:423)
	at sun.misc.Launcher$AppClassLoader.loadClass(Launcher.java:308)
	at java.lang.ClassLoader.loadClass(ClassLoader.java:356)
	... 16 more
2011-11-10 15:56:23,381 - Trying to use logger class org.apache.velocity.runtime.log.Log4JLogChute
2011-11-10 15:56:23,381 - Trying to use logger class org.apache.velocity.runtime.log.Log4JLogChute
2011-11-10 15:56:23,382 - Using logger class org.apache.velocity.runtime.log.Log4JLogChute
2011-11-10 15:56:23,382 - Using logger class org.apache.velocity.runtime.log.Log4JLogChute
2011-11-10 15:56:23,382 - Default ResourceManager initializing. (class org.apache.velocity.runtime.resource.ResourceManagerImpl)
2011-11-10 15:56:23,382 - Default ResourceManager initializing. (class org.apache.velocity.runtime.resource.ResourceManagerImpl)
2011-11-10 15:56:23,382 - ResourceLoader instantiated: org.apache.velocity.runtime.resource.loader.FileResourceLoader
2011-11-10 15:56:23,382 - ResourceLoader instantiated: org.apache.velocity.runtime.resource.loader.FileResourceLoader
2011-11-10 15:56:23,382 - Do unicode file recognition:  false
2011-11-10 15:56:23,382 - Do unicode file recognition:  false
2011-11-10 15:56:23,382 - FileResourceLoader : adding path '.'
2011-11-10 15:56:23,382 - FileResourceLoader : adding path '.'
2011-11-10 15:56:23,382 - ResourceCache: initialized (class org.apache.velocity.runtime.resource.ResourceCacheImpl)
2011-11-10 15:56:23,382 - ResourceCache: initialized (class org.apache.velocity.runtime.resource.ResourceCacheImpl)
2011-11-10 15:56:23,382 - Loaded System Directive: org.apache.velocity.runtime.directive.Literal
2011-11-10 15:56:23,382 - Loaded System Directive: org.apache.velocity.runtime.directive.Literal
2011-11-10 15:56:23,383 - Loaded System Directive: org.apache.velocity.runtime.directive.Macro
2011-11-10 15:56:23,383 - Loaded System Directive: org.apache.velocity.runtime.directive.Macro
2011-11-10 15:56:23,383 - Loaded System Directive: org.apache.velocity.runtime.directive.Parse
2011-11-10 15:56:23,383 - Loaded System Directive: org.apache.velocity.runtime.directive.Parse
2011-11-10 15:56:23,383 - Loaded System Directive: org.apache.velocity.runtime.directive.Include
2011-11-10 15:56:23,383 - Loaded System Directive: org.apache.velocity.runtime.directive.Include
2011-11-10 15:56:23,383 - Loaded System Directive: org.apache.velocity.runtime.directive.Foreach
2011-11-10 15:56:23,383 - Loaded System Directive: org.apache.velocity.runtime.directive.Foreach
2011-11-10 15:56:23,384 - Created '20' parsers.
2011-11-10 15:56:23,384 - Created '20' parsers.
2011-11-10 15:56:23,384 - Velocimacro : "velocimacro.library" is not set.  Trying default library: VM_global_library.vm
2011-11-10 15:56:23,384 - Velocimacro : "velocimacro.library" is not set.  Trying default library: VM_global_library.vm
2011-11-10 15:56:23,385 - Velocimacro : Default library not found.
2011-11-10 15:56:23,385 - Velocimacro : Default library not found.
2011-11-10 15:56:23,385 - Velocimacro : allowInline = true : VMs can be defined inline in templates
2011-11-10 15:56:23,385 - Velocimacro : allowInline = true : VMs can be defined inline in templates
2011-11-10 15:56:23,385 - Velocimacro : allowInlineToOverride = false : VMs defined inline may NOT replace previous VM definitions
2011-11-10 15:56:23,385 - Velocimacro : allowInlineToOverride = false : VMs defined inline may NOT replace previous VM definitions
2011-11-10 15:56:23,385 - Velocimacro : allowInlineLocal = false : VMs defined inline will be global in scope if allowed.
2011-11-10 15:56:23,385 - Velocimacro : allowInlineLocal = false : VMs defined inline will be global in scope if allowed.
2011-11-10 15:56:23,385 - Velocimacro : autoload off : VM system will not automatically reload global library macros
2011-11-10 15:56:23,385 - Velocimacro : autoload off : VM system will not automatically reload global library macros
